Log file open, 03/22/20 12:09:38
LogWindows: Failed to load 'aqProf.dll' (GetLastError=126)
LogWindows: File 'aqProf.dll' does not exist
LogWindows: Failed to load 'VtuneApi.dll' (GetLastError=126)
LogWindows: File 'VtuneApi.dll' does not exist
LogWindows: Failed to load 'VtuneApi32e.dll' (GetLastError=126)
LogWindows: File 'VtuneApi32e.dll' does not exist
LogConsoleResponse: Display: Failed to find resolution value strings in scalability ini. Falling back to default.
LogInit: Display: Running engine for game: Sandwitch
LogPlatformFile: Not using cached read wrapper
LogTaskGraph: Started task graph with 5 named threads and 14 total threads with 3 sets of task threads.
LogStats: Stats thread started at 0.075300
LogD3D11RHI: Loaded GFSDK_Aftermath_Lib.x64.dll
LogICUInternationalization: ICU TimeZone Detection - Raw Offset: -8:00, Platform Override: ''
LogPluginManager: Mounting plugin Paper2D
LogPluginManager: Mounting plugin AISupport
LogPluginManager: Mounting plugin LightPropagationVolume
LogPluginManager: Mounting plugin ActorLayerUtilities
LogPluginManager: Mounting plugin AnimationSharing
LogPluginManager: Mounting plugin CLionSourceCodeAccess
LogPluginManager: Mounting plugin CodeLiteSourceCodeAccess
LogPluginManager: Mounting plugin GitSourceControl
LogPluginManager: Mounting plugin KDevelopSourceCodeAccess
LogPluginManager: Mounting plugin NullSourceCodeAccess
LogPluginManager: Mounting plugin PerforceSourceControl
LogPluginManager: Mounting plugin PlasticSourceControl
LogPluginManager: Mounting plugin SubversionSourceControl
LogPluginManager: Mounting plugin UObjectPlugin
LogPluginManager: Mounting plugin VisualStudioCodeSourceCodeAccess
LogPluginManager: Mounting plugin VisualStudioSourceCodeAccess
LogPluginManager: Mounting plugin XCodeSourceCodeAccess
LogPluginManager: Mounting plugin AssetManagerEditor
LogPluginManager: Mounting plugin CryptoKeys
LogPluginManager: Mounting plugin CurveEditorTools
LogPluginManager: Mounting plugin DataValidation
LogPluginManager: Mounting plugin FacialAnimation
LogPluginManager: Mounting plugin GameplayTagsEditor
LogPluginManager: Mounting plugin MacGraphicsSwitching
LogPluginManager: Mounting plugin MaterialAnalyzer
LogPluginManager: Mounting plugin MobileLauncherProfileWizard
LogPluginManager: Mounting plugin PluginBrowser
LogPluginManager: Mounting plugin SpeedTreeImporter
LogPluginManager: Mounting plugin DatasmithContent
LogPluginManager: Mounting plugin VariantManagerContent
LogPluginManager: Mounting plugin AlembicImporter
LogPluginManager: Mounting plugin AutomationUtils
LogPluginManager: Mounting plugin BackChannel
LogPluginManager: Mounting plugin CharacterAI
LogPluginManager: Mounting plugin GeometryCache
LogPluginManager: Mounting plugin PlatformCrypto
LogPluginManager: Mounting plugin ProxyLODPlugin
LogPluginManager: Mounting plugin SkeletalReduction
LogPluginManager: Mounting plugin MagicLeap
LogPluginManager: Mounting plugin MagicLeapMedia
LogPluginManager: Mounting plugin MLSDK
LogPluginManager: Mounting plugin AndroidMedia
LogPluginManager: Mounting plugin AvfMedia
LogPluginManager: Mounting plugin ImgMedia
LogPluginManager: Mounting plugin MediaCompositing
LogPluginManager: Mounting plugin MediaPlayerEditor
LogPluginManager: Mounting plugin WebMMedia
LogPluginManager: Mounting plugin WmfMedia
LogPluginManager: Mounting plugin TcpMessaging
LogPluginManager: Mounting plugin UdpMessaging
LogPluginManager: Mounting plugin ActorSequence
LogPluginManager: Mounting plugin LevelSequenceEditor
LogPluginManager: Mounting plugin MatineeToLevelSequence
LogPluginManager: Mounting plugin NetcodeUnitTest
LogPluginManager: Mounting plugin NUTUnrealEngine4
LogPluginManager: Mounting plugin OnlineSubsystemGooglePlay
LogPluginManager: Mounting plugin OnlineSubsystemIOS
LogPluginManager: Mounting plugin OnlineSubsystem
LogPluginManager: Mounting plugin OnlineSubsystemNull
LogPluginManager: Mounting plugin OnlineSubsystemUtils
LogPluginManager: Mounting plugin LauncherChunkInstaller
LogPluginManager: Mounting plugin AndroidDeviceProfileSelector
LogPluginManager: Mounting plugin AndroidMoviePlayer
LogPluginManager: Mounting plugin AndroidPermission
LogPluginManager: Mounting plugin AppleImageUtils
LogPluginManager: Mounting plugin AppleMoviePlayer
LogPluginManager: Mounting plugin ArchVisCharacter
LogPluginManager: Mounting plugin AssetTags
LogPluginManager: Mounting plugin AudioCapture
LogPluginManager: Mounting plugin CableComponent
LogPluginManager: Mounting plugin CustomMeshComponent
LogPluginManager: Mounting plugin EditableMesh
LogPluginManager: Mounting plugin ExampleDeviceProfileSelector
LogPluginManager: Mounting plugin GoogleCloudMessaging
LogPluginManager: Mounting plugin IOSDeviceProfileSelector
LogPluginManager: Mounting plugin LinuxDeviceProfileSelector
LogPluginManager: Mounting plugin LocationServicesBPLibrary
LogPluginManager: Mounting plugin MobilePatchingUtils
LogPluginManager: Mounting plugin OculusVR
LogPluginManager: Mounting plugin PhysXVehicles
LogPluginManager: Mounting plugin PostSplashScreen
LogPluginManager: Mounting plugin ProceduralMeshComponent
LogPluginManager: Mounting plugin RuntimePhysXCooking
LogPluginManager: Mounting plugin SignificanceManager
LogPluginManager: Mounting plugin SteamVR
LogPluginManager: Mounting plugin WebMMoviePlayer
LogPluginManager: Mounting plugin WindowsMoviePlayer
LogPluginManager: Mounting plugin ScreenshotTools
LogInit: Using libcurl 7.55.1-DEV
LogInit:  - built for x86_64-pc-win32
LogInit:  - supports SSL with OpenSSL/1.1.1
LogInit:  - supports HTTP deflate (compression) using libz 1.2.8
LogInit:  - other features:
LogInit:      CURL_VERSION_SSL
LogInit:      CURL_VERSION_LIBZ
LogInit:      CURL_VERSION_IPV6
LogInit:      CURL_VERSION_ASYNCHDNS
LogInit:      CURL_VERSION_LARGEFILE
LogInit:      CURL_VERSION_IDN
LogInit:  CurlRequestOptions (configurable via config and command line):
LogInit:  - bVerifyPeer = true  - Libcurl will verify peer certificate
LogInit:  - bUseHttpProxy = false  - Libcurl will NOT use HTTP proxy
LogInit:  - bDontReuseConnections = false  - Libcurl will reuse connections
LogInit:  - MaxHostConnections = 16  - Libcurl will limit the number of connections to a host
LogInit:  - LocalHostAddr = Default
LogInit:  - BufferSize = 65536
LogOnline: OSS: Creating online subsystem instance for: NULL
LogInit: WinSock: version 1.1 (2.2), MaxSocks=32767, MaxUdp=65467
LogOnline: OSS: TryLoadSubsystemAndSetDefault: Loaded subsystem for module [NULL]
LogInit: Build: ++UE4+Release-4.24-CL-11590370
LogInit: Engine Version: 4.24.3-11590370+++UE4+Release-4.24
LogInit: Compatible Engine Version: 4.24.0-10570792+++UE4+Release-4.24
LogInit: Net CL: 10570792
LogInit: OS: Windows 10 (Release 1903) (), CPU: Intel(R) Core(TM) i5-7600K CPU @ 3.80GHz, GPU: NVIDIA GeForce GTX 1060 3GB
LogInit: Compiled (64-bit): Feb 24 2020 15:39:18
LogInit: Compiled with Visual C++: 19.16.27032.01
LogInit: Build Configuration: Development
LogInit: Branch Name: ++UE4+Release-4.24
LogInit: Command Line:  -EpicPortal -epicusername=FatedIvory -epicuserid=6e1ec86f7bfa458fbe941abb39e75b56 -epiclocale=en
LogInit: Base Directory: C:/Program Files/Epic Games/UE_4.24/Engine/Binaries/Win64/
LogInit: Installed Engine Build: 1
LogDevObjectVersion: Number of dev versions registered: 25
LogDevObjectVersion:   Dev-Blueprints (B0D832E4-1F89-4F0D-ACCF-7EB736FD4AA2): 10
LogDevObjectVersion:   Dev-Build (E1C64328-A22C-4D53-A36C-8E866417BD8C): 0
LogDevObjectVersion:   Dev-Core (375EC13C-06E4-48FB-B500-84F0262A717E): 3
LogDevObjectVersion:   Dev-Editor (E4B068ED-F494-42E9-A231-DA0B2E46BB41): 37
LogDevObjectVersion:   Dev-Framework (CFFC743F-43B0-4480-9391-14DF171D2073): 36
LogDevObjectVersion:   Dev-Mobile (B02B49B5-BB20-44E9-A304-32B752E40360): 2
LogDevObjectVersion:   Dev-Networking (A4E4105C-59A1-49B5-A7C5-40C4547EDFEE): 0
LogDevObjectVersion:   Dev-Online (39C831C9-5AE6-47DC-9A44-9C173E1C8E7C): 0
LogDevObjectVersion:   Dev-Physics (78F01B33-EBEA-4F98-B9B4-84EACCB95AA2): 2
LogDevObjectVersion:   Dev-Platform (6631380F-2D4D-43E0-8009-CF276956A95A): 0
LogDevObjectVersion:   Dev-Rendering (12F88B9F-8875-4AFC-A67C-D90C383ABD29): 36
LogDevObjectVersion:   Dev-Sequencer (7B5AE74C-D270-4C10-A958-57980B212A5A): 11
LogDevObjectVersion:   Dev-VR (D7296918-1DD6-4BDD-9DE2-64A83CC13884): 2
LogDevObjectVersion:   Dev-LoadTimes (C2A15278-BFE7-4AFE-6C17-90FF531DF755): 1
LogDevObjectVersion:   Private-Geometry (6EACA3D4-40EC-4CC1-B786-8BED09428FC5): 3
LogDevObjectVersion:   Dev-AnimPhys (29E575DD-E0A3-4627-9D10-D276232CDCEA): 17
LogDevObjectVersion:   Dev-Anim (AF43A65D-7FD3-4947-9873-3E8ED9C1BB05): 2
LogDevObjectVersion:   Dev-ReflectionCapture (6B266CEC-1EC7-4B8F-A30B-E4D90942FC07): 1
LogDevObjectVersion:   Dev-Automation (0DF73D61-A23F-47EA-B727-89E90C41499A): 1
LogDevObjectVersion:   FortniteMain (601D1886-AC64-4F84-AA16-D3DE0DEAC7D6): 31
LogDevObjectVersion:   Dev-Enterprise (9DFFBCD6-494F-0158-E221-12823C92A888): 8
LogDevObjectVersion:   Dev-Niagara (F2AED0AC-9AFE-416F-8664-AA7FFA26D6FC): 1
LogDevObjectVersion:   Dev-Destruction (174F1F0B-B4C6-45A5-B13F-2EE8D0FB917D): 9
LogDevObjectVersion:   Dev-Physics-Ext (35F94A83-E258-406C-A318-09F59610247C): 8
LogDevObjectVersion:   Dev-CineCamera (B2E18506-4273-CFC2-A54E-F4BB758BBA07): 1
LogInit: Presizing for max 25165824 objects, including 0 objects not considered by GC, pre-allocating 0 bytes for permanent pool.
LogInit: Object subsystem initialized
LogConfig: Setting CVar [[con.DebugEarlyDefault:1]]
LogConfig: Setting CVar [[r.setres:1280x720]]
[2020.03.22-19.09.38:294][  0]LogConfig: Setting CVar [[r.VSync:0]]
[2020.03.22-19.09.38:294][  0]LogConfig: Setting CVar [[r.RHICmdBypass:0]]
[2020.03.22-19.09.38:294][  0]LogConfig: Applying CVar settings from Section [/Script/Engine.RendererSettings] File [D:/Users/Kollin/Documents/Unreal Projects/SandWitch/Saved/Config/Windows/Engine.ini]
[2020.03.22-19.09.38:294][  0]LogConfig: Setting CVar [[r.GPUCrashDebugging:0]]
[2020.03.22-19.09.38:294][  0]LogConfig: Setting CVar [[r.MobileHDR:1]]
[2020.03.22-19.09.38:294][  0]LogConfig: Setting CVar [[r.Mobile.DisableVertexFog:1]]
[2020.03.22-19.09.38:294][  0]LogConfig: Setting CVar [[r.Shadow.CSM.MaxMobileCascades:2]]
[2020.03.22-19.09.38:294][  0]LogConfig: Setting CVar [[r.MobileMSAA:1]]
[2020.03.22-19.09.38:294][  0]LogConfig: Setting CVar [[r.Mobile.UseLegacyShadingModel:0]]
[2020.03.22-19.09.38:294][  0]LogConfig: Setting CVar [[r.Mobile.UseHWsRGBEncoding:0]]
[2020.03.22-19.09.38:294][  0]LogConfig: Setting CVar [[r.Mobile.AllowDitheredLODTransition:0]]
[2020.03.22-19.09.38:294][  0]LogConfig: Setting CVar [[r.Mobile.AllowSoftwareOcclusion:0]]
[2020.03.22-19.09.38:294][  0]LogConfig: Setting CVar [[r.DiscardUnusedQuality:0]]
[2020.03.22-19.09.38:294][  0]LogConfig: Setting CVar [[r.AllowOcclusionQueries:1]]
[2020.03.22-19.09.38:294][  0]LogConfig: Setting CVar [[r.MinScreenRadiusForLights:0.030000]]
[2020.03.22-19.09.38:294][  0]LogConfig: Setting CVar [[r.MinScreenRadiusForDepthPrepass:0.030000]]
[2020.03.22-19.09.38:294][  0]LogConfig: Setting CVar [[r.MinScreenRadiusForCSMDepth:0.010000]]
[2020.03.22-19.09.38:294][  0]LogConfig: Setting CVar [[r.PrecomputedVisibilityWarning:0]]
[2020.03.22-19.09.38:294][  0]LogConfig: Setting CVar [[r.TextureStreaming:1]]
[2020.03.22-19.09.38:294][  0]LogConfig: Setting CVar [[Compat.UseDXT5NormalMaps:0]]
[2020.03.22-19.09.38:294][  0]LogConfig: Setting CVar [[r.VirtualTextures:0]]
[2020.03.22-19.09.38:294][  0]LogConfig: Setting CVar [[r.VirtualTexturedLightmaps:0]]
[2020.03.22-19.09.38:294][  0]LogConfig: Setting CVar [[r.VT.TileSize:128]]
[2020.03.22-19.09.38:294][  0]LogConfig: Setting CVar [[r.VT.TileBorderSize:4]]
[2020.03.22-19.09.38:294][  0]LogConfig: Setting CVar [[r.vt.FeedbackFactor:16]]
[2020.03.22-19.09.38:294][  0]LogConfig: Setting CVar [[r.VT.EnableCompressZlib:1]]
[2020.03.22-19.09.38:294][  0]LogConfig: Setting CVar [[r.VT.EnableCompressCrunch:0]]
[2020.03.22-19.09.38:294][  0]LogConfig: Setting CVar [[r.ClearCoatNormal:0]]
[2020.03.22-19.09.38:294][  0]LogConfig: Setting CVar [[r.ReflectionCaptureResolution:128]]
[2020.03.22-19.09.38:294][  0]LogConfig: Setting CVar [[r.ReflectionEnvironmentLightmapMixBasedOnRoughness:1]]
[2020.03.22-19.09.38:294][  0]LogConfig: Setting CVar [[r.ForwardShading:0]]
[2020.03.22-19.09.38:294][  0]LogConfig: Setting CVar [[r.VertexFoggingForOpaque:1]]
[2020.03.22-19.09.38:294][  0]LogConfig: Setting CVar [[r.AllowStaticLighting:1]]
[2020.03.22-19.09.38:294][  0]LogConfig: Setting CVar [[r.NormalMapsForStaticLighting:0]]
[2020.03.22-19.09.38:295][  0]LogConfig: Setting CVar [[r.GenerateMeshDistanceFields:0]]
[2020.03.22-19.09.38:295][  0]LogConfig: Setting CVar [[r.DistanceFieldBuild.EightBit:0]]
[2020.03.22-19.09.38:295][  0]LogConfig: Setting CVar [[r.GenerateLandscapeGIData:0]]
[2020.03.22-19.09.38:295][  0]LogConfig: Setting CVar [[r.DistanceFieldBuild.Compress:0]]
[2020.03.22-19.09.38:295][  0]LogConfig: Setting CVar [[r.TessellationAdaptivePixelsPerTriangle:48.000000]]
[2020.03.22-19.09.38:295][  0]LogConfig: Setting CVar [[r.SeparateTranslucency:1]]
[2020.03.22-19.09.38:295][  0]LogConfig: Setting CVar [[r.TranslucentSortPolicy:0]]
[2020.03.22-19.09.38:295][  0]LogConfig: Setting CVar [[r.CustomDepth:1]]
[2020.03.22-19.09.38:295][  0]LogConfig: Setting CVar [[r.CustomDepthTemporalAAJitter:1]]
[2020.03.22-19.09.38:295][  0]LogConfig: Setting CVar [[r.PostProcessing.PropagateAlpha:0]]
[2020.03.22-19.09.38:295][  0]LogConfig: Setting CVar [[r.DefaultFeature.Bloom:1]]
[2020.03.22-19.09.38:295][  0]LogConfig: Setting CVar [[r.DefaultFeature.AmbientOcclusion:1]]
[2020.03.22-19.09.38:295][  0]LogConfig: Setting CVar [[r.DefaultFeature.AmbientOcclusionStaticFraction:1]]
[2020.03.22-19.09.38:295][  0]LogConfig: Setting CVar [[r.DefaultFeature.AutoExposure:0]]
[2020.03.22-19.09.38:295][  0]LogConfig: Setting CVar [[r.DefaultFeature.AutoExposure.Method:0]]
[2020.03.22-19.09.38:295][  0]LogConfig: Setting CVar [[r.DefaultFeature.AutoExposure.ExtendDefaultLuminanceRange:0]]
[2020.03.22-19.09.38:295][  0]LogConfig: Setting CVar [[r.UsePreExposure:1]]
[2020.03.22-19.09.38:295][  0]LogConfig: Setting CVar [[r.EyeAdaptation.EditorOnly:1]]
[2020.03.22-19.09.38:295][  0]LogConfig: Setting CVar [[r.DefaultFeature.MotionBlur:0]]
[2020.03.22-19.09.38:295][  0]LogConfig: Setting CVar [[r.DefaultFeature.LensFlare:0]]
[2020.03.22-19.09.38:295][  0]LogConfig: Setting CVar [[r.TemporalAA.Upsampling:0]]
[2020.03.22-19.09.38:295][  0]LogConfig: Setting CVar [[r.SSGI.Enable:0]]
[2020.03.22-19.09.38:295][  0]LogConfig: Setting CVar [[r.DefaultFeature.AntiAliasing:0]]
[2020.03.22-19.09.38:295][  0]LogConfig: Setting CVar [[r.DefaultFeature.LightUnits:1]]
[2020.03.22-19.09.38:295][  0]LogConfig: Setting CVar [[r.DefaultBackBufferPixelFormat:4]]
[2020.03.22-19.09.38:295][  0]LogConfig: Setting CVar [[r.Shadow.UnbuiltPreviewInGame:1]]
[2020.03.22-19.09.38:295][  0]LogConfig: Setting CVar [[r.StencilForLODDither:0]]
[2020.03.22-19.09.38:295][  0]LogConfig: Setting CVar [[r.EarlyZPass:3]]
[2020.03.22-19.09.38:295][  0]LogConfig: Setting CVar [[r.EarlyZPassOnlyMaterialMasking:0]]
[2020.03.22-19.09.38:295][  0]LogConfig: Setting CVar [[r.DBuffer:1]]
[2020.03.22-19.09.38:295][  0]LogConfig: Setting CVar [[r.ClearSceneMethod:1]]
[2020.03.22-19.09.38:295][  0]LogConfig: Setting CVar [[r.BasePassOutputsVelocity:0]]
[2020.03.22-19.09.38:295][  0]LogConfig: Setting CVar [[r.SelectiveBasePassOutputs:0]]
[2020.03.22-19.09.38:295][  0]LogConfig: Setting CVar [[fx.GPUSimulationTextureSizeX:1024]]
[2020.03.22-19.09.38:295][  0]LogConfig: Setting CVar [[fx.GPUSimulationTextureSizeY:1024]]
[2020.03.22-19.09.38:295][  0]LogConfig: Setting CVar [[r.AllowGlobalClipPlane:0]]
[2020.03.22-19.09.38:295][  0]LogConfig: Setting CVar [[r.GBufferFormat:1]]
[2020.03.22-19.09.38:295][  0]LogConfig: Setting CVar [[r.MorphTarget.Mode:1]]
[2020.03.22-19.09.38:295][  0]LogConfig: Setting CVar [[vr.InstancedStereo:0]]
[2020.03.22-19.09.38:295][  0]LogConfig: Setting CVar [[vr.MultiView:0]]
[2020.03.22-19.09.38:295][  0]LogConfig: Setting CVar [[vr.MobileMultiView:0]]
[2020.03.22-19.09.38:295][  0]LogConfig: Setting CVar [[vr.MobileMultiView.Direct:0]]
[2020.03.22-19.09.38:295][  0]LogConfig: Setting CVar [[vr.RoundRobinOcclusion:0]]
[2020.03.22-19.09.38:295][  0]LogConfig: Setting CVar [[vr.ODSCapture:0]]
[2020.03.22-19.09.38:295][  0]LogConfig: Setting CVar [[r.WireframeCullThreshold:5.000000]]
[2020.03.22-19.09.38:295][  0]LogConfig: Setting CVar [[r.RayTracing:0]]
[2020.03.22-19.09.38:295][  0]LogConfig: Setting CVar [[r.RayTracing.UseTextureLod:0]]
[2020.03.22-19.09.38:295][  0]LogConfig: Setting CVar [[r.SupportStationarySkylight:1]]
[2020.03.22-19.09.38:295][  0]LogConfig: Setting CVar [[r.SupportLowQualityLightmaps:1]]
[2020.03.22-19.09.38:295][  0]LogConfig: Setting CVar [[r.SupportPointLightWholeSceneShadows:1]]
[2020.03.22-19.09.38:295][  0]LogConfig: Setting CVar [[r.SupportAtmosphericFog:1]]
[2020.03.22-19.09.38:295][  0]LogConfig: Setting CVar [[r.SupportSkyAtmosphere:1]]
[2020.03.22-19.09.38:295][  0]LogConfig: Setting CVar [[r.SupportSkyAtmosphereAffectsHeightFog:0]]
[2020.03.22-19.09.38:295][  0]LogConfig: Setting CVar [[r.SkinCache.CompileShaders:0]]
[2020.03.22-19.09.38:295][  0]LogConfig: Setting CVar [[r.Mobile.EnableStaticAndCSMShadowReceivers:1]]
[2020.03.22-19.09.38:295][  0]LogConfig: Setting CVar [[r.Mobile.EnableMovableLightCSMShaderCulling:1]]
[2020.03.22-19.09.38:295][  0]LogConfig: Setting CVar [[r.Mobile.AllowDistanceFieldShadows:1]]
[2020.03.22-19.09.38:295][  0]LogConfig: Setting CVar [[r.Mobile.AllowMovableDirectionalLights:1]]
[2020.03.22-19.09.38:295][  0]LogConfig: Setting CVar [[r.MobileNumDynamicPointLights:4]]
[2020.03.22-19.09.38:295][  0]LogConfig: Setting CVar [[r.MobileDynamicPointLightsUseStaticBranch:1]]
[2020.03.22-19.09.38:295][  0]LogConfig: Setting CVar [[r.Mobile.EnableMovableSpotlights:0]]
[2020.03.22-19.09.38:295][  0]LogConfig: Setting CVar [[r.SkinCache.SceneMemoryLimitInMB:128.000000]]
[2020.03.22-19.09.38:295][  0]LogConfig: Setting CVar [[r.GPUSkin.Limit2BoneInfluences:0]]
[2020.03.22-19.09.38:295][  0]LogConfig: Setting CVar [[r.SupportDepthOnlyIndexBuffers:1]]
[2020.03.22-19.09.38:295][  0]LogConfig: Setting CVar [[r.SupportReversedIndexBuffers:1]]
[2020.03.22-19.09.38:295][  0]LogConfig: Setting CVar [[r.SupportMaterialLayers:0]]
[2020.03.22-19.09.38:295][  0]LogConfig: Setting CVar [[r.LightPropagationVolume:0]]
[2020.03.22-19.09.38:295][  0]LogConfig: Applying CVar settings from Section [/Script/Engine.RendererOverrideSettings] File [D:/Users/Kollin/Documents/Unreal Projects/SandWitch/Saved/Config/Windows/Engine.ini]
[2020.03.22-19.09.38:295][  0]LogConfig: Applying CVar settings from Section [/Script/Engine.StreamingSettings] File [D:/Users/Kollin/Documents/Unreal Projects/SandWitch/Saved/Config/Windows/Engine.ini]
[2020.03.22-19.09.38:295][  0]LogConfig: Setting CVar [[s.MinBulkDataSizeForAsyncLoading:131072]]
[2020.03.22-19.09.38:295][  0]LogConfig: Setting CVar [[s.AsyncLoadingThreadEnabled:0]]
[2020.03.22-19.09.38:295][  0]LogConfig: Setting CVar [[s.EventDrivenLoaderEnabled:1]]
[2020.03.22-19.09.38:295][  0]LogConfig: Setting CVar [[s.WarnIfTimeLimitExceeded:0]]
[2020.03.22-19.09.38:295][  0]LogConfig: Setting CVar [[s.TimeLimitExceededMultiplier:1.5]]
[2020.03.22-19.09.38:295][  0]LogConfig: Setting CVar [[s.TimeLimitExceededMinTime:0.005]]
[2020.03.22-19.09.38:296][  0]LogConfig: Setting CVar [[s.UseBackgroundLevelStreaming:1]]
[2020.03.22-19.09.38:296][  0]LogConfig: Setting CVar [[s.PriorityAsyncLoadingExtraTime:15.0]]
[2020.03.22-19.09.38:296][  0]LogConfig: Setting CVar [[s.LevelStreamingActorsUpdateTimeLimit:5.0]]
[2020.03.22-19.09.38:296][  0]LogConfig: Setting CVar [[s.PriorityLevelStreamingActorsUpdateExtraTime:5.0]]
[2020.03.22-19.09.38:296][  0]LogConfig: Setting CVar [[s.LevelStreamingComponentsRegistrationGranularity:10]]
[2020.03.22-19.09.38:296][  0]LogConfig: Setting CVar [[s.UnregisterComponentsTimeLimit:1.0]]
[2020.03.22-19.09.38:296][  0]LogConfig: Setting CVar [[s.LevelStreamingComponentsUnregistrationGranularity:5]]
[2020.03.22-19.09.38:296][  0]LogConfig: Setting CVar [[s.FlushStreamingOnExit:1]]
[2020.03.22-19.09.38:296][  0]LogConfig: Applying CVar settings from Section [/Script/Engine.GarbageCollectionSettings] File [D:/Users/Kollin/Documents/Unreal Projects/SandWitch/Saved/Config/Windows/Engine.ini]
[2020.03.22-19.09.38:296][  0]LogConfig: Setting CVar [[gc.MaxObjectsNotConsideredByGC:1]]
[2020.03.22-19.09.38:296][  0]LogConfig: Setting CVar [[gc.SizeOfPermanentObjectPool:0]]
[2020.03.22-19.09.38:296][  0]LogConfig: Setting CVar [[gc.FlushStreamingOnGC:0]]
[2020.03.22-19.09.38:296][  0]LogConfig: Setting CVar [[gc.NumRetriesBeforeForcingGC:10]]
[2020.03.22-19.09.38:296][  0]LogConfig: Setting CVar [[gc.AllowParallelGC:1]]
[2020.03.22-19.09.38:296][  0]LogConfig: Setting CVar [[gc.TimeBetweenPurgingPendingKillObjects:61.1]]
[2020.03.22-19.09.38:296][  0]LogConfig: Setting CVar [[gc.MaxObjectsInEditor:25165824]]
[2020.03.22-19.09.38:296][  0]LogConfig: Setting CVar [[gc.IncrementalBeginDestroyEnabled:1]]
[2020.03.22-19.09.38:296][  0]LogConfig: Setting CVar [[gc.CreateGCClusters:1]]
[2020.03.22-19.09.38:296][  0]LogConfig: Setting CVar [[gc.MinGCClusterSize:5]]
[2020.03.22-19.09.38:296][  0]LogConfig: Setting CVar [[gc.ActorClusteringEnabled:0]]
[2020.03.22-19.09.38:296][  0]LogConfig: Setting CVar [[gc.BlueprintClusteringEnabled:0]]
[2020.03.22-19.09.38:296][  0]LogConfig: Setting CVar [[gc.UseDisregardForGCOnDedicatedServers:0]]
[2020.03.22-19.09.38:296][  0]LogConfig: Applying CVar settings from Section [/Script/Engine.NetworkSettings] File [D:/Users/Kollin/Documents/Unreal Projects/SandWitch/Saved/Config/Windows/Engine.ini]
[2020.03.22-19.09.38:296][  0]LogConfig: Applying CVar settings from Section [/Script/UnrealEd.CookerSettings] File [D:/Users/Kollin/Documents/Unreal Projects/SandWitch/Saved/Config/Windows/Engine.ini]
[2020.03.22-19.09.38:300][  0]LogConfig: Applying CVar settings from Section [ViewDistanceQuality@3] File [D:/Users/Kollin/Documents/Unreal Projects/SandWitch/Saved/Config/Windows/Scalability.ini]
[2020.03.22-19.09.38:300][  0]LogConfig: Setting CVar [[r.SkeletalMeshLODBias:0]]
[2020.03.22-19.09.38:300][  0]LogConfig: Setting CVar [[r.ViewDistanceScale:1.0]]
[2020.03.22-19.09.38:300][  0]LogConfig: Applying CVar settings from Section [AntiAliasingQuality@3] File [D:/Users/Kollin/Documents/Unreal Projects/SandWitch/Saved/Config/Windows/Scalability.ini]
[2020.03.22-19.09.38:300][  0]LogConfig: Setting CVar [[r.PostProcessAAQuality:4]]
[2020.03.22-19.09.38:300][  0]LogConfig: Applying CVar settings from Section [ShadowQuality@3] File [D:/Users/Kollin/Documents/Unreal Projects/SandWitch/Saved/Config/Windows/Scalability.ini]
[2020.03.22-19.09.38:300][  0]LogConfig: Setting CVar [[r.LightFunctionQuality:1]]
[2020.03.22-19.09.38:300][  0]LogConfig: Setting CVar [[r.ShadowQuality:5]]
[2020.03.22-19.09.38:300][  0]LogConfig: Setting CVar [[r.Shadow.CSM.MaxCascades:10]]
[2020.03.22-19.09.38:300][  0]LogConfig: Setting CVar [[r.Shadow.MaxResolution:2048]]
[2020.03.22-19.09.38:300][  0]LogConfig: Setting CVar [[r.Shadow.MaxCSMResolution:2048]]
[2020.03.22-19.09.38:300][  0]LogConfig: Setting CVar [[r.Shadow.RadiusThreshold:0.01]]
[2020.03.22-19.09.38:300][  0]LogConfig: Setting CVar [[r.Shadow.DistanceScale:1.0]]
[2020.03.22-19.09.38:300][  0]LogConfig: Setting CVar [[r.Shadow.CSM.TransitionScale:1.0]]
[2020.03.22-19.09.38:300][  0]LogConfig: Setting CVar [[r.Shadow.PreShadowResolutionFactor:1.0]]
[2020.03.22-19.09.38:300][  0]LogConfig: Setting CVar [[r.DistanceFieldShadowing:1]]
[2020.03.22-19.09.38:300][  0]LogConfig: Setting CVar [[r.DistanceFieldAO:1]]
[2020.03.22-19.09.38:300][  0]LogConfig: Setting CVar [[r.AOQuality:2]]
[2020.03.22-19.09.38:300][  0]LogConfig: Setting CVar [[r.VolumetricFog:1]]
[2020.03.22-19.09.38:300][  0]LogConfig: Setting CVar [[r.VolumetricFog.GridPixelSize:8]]
[2020.03.22-19.09.38:300][  0]LogConfig: Setting CVar [[r.VolumetricFog.GridSizeZ:128]]
[2020.03.22-19.09.38:300][  0]LogConfig: Setting CVar [[r.VolumetricFog.HistoryMissSupersampleCount:4]]
[2020.03.22-19.09.38:300][  0]LogConfig: Setting CVar [[r.LightMaxDrawDistanceScale:1]]
[2020.03.22-19.09.38:300][  0]LogConfig: Setting CVar [[r.CapsuleShadows:1]]
[2020.03.22-19.09.38:300][  0]LogConfig: Applying CVar settings from Section [PostProcessQuality@3] File [D:/Users/Kollin/Documents/Unreal Projects/SandWitch/Saved/Config/Windows/Scalability.ini]
[2020.03.22-19.09.38:300][  0]LogConfig: Setting CVar [[r.MotionBlurQuality:4]]
[2020.03.22-19.09.38:300][  0]LogConfig: Setting CVar [[r.AmbientOcclusionMipLevelFactor:0.4]]
[2020.03.22-19.09.38:300][  0]LogConfig: Setting CVar [[r.AmbientOcclusionMaxQuality:100]]
[2020.03.22-19.09.38:300][  0]LogConfig: Setting CVar [[r.AmbientOcclusionLevels:-1]]
[2020.03.22-19.09.38:300][  0]LogConfig: Setting CVar [[r.AmbientOcclusionRadiusScale:1.0]]
[2020.03.22-19.09.38:300][  0]LogConfig: Setting CVar [[r.DepthOfFieldQuality:2]]
[2020.03.22-19.09.38:300][  0]LogConfig: Setting CVar [[r.RenderTargetPoolMin:400]]
[2020.03.22-19.09.38:300][  0]LogConfig: Setting CVar [[r.LensFlareQuality:2]]
[2020.03.22-19.09.38:300][  0]LogConfig: Setting CVar [[r.SceneColorFringeQuality:1]]
[2020.03.22-19.09.38:300][  0]LogConfig: Setting CVar [[r.EyeAdaptationQuality:2]]
[2020.03.22-19.09.38:300][  0]LogConfig: Setting CVar [[r.BloomQuality:5]]
[2020.03.22-19.09.38:300][  0]LogConfig: Setting CVar [[r.FastBlurThreshold:100]]
[2020.03.22-19.09.38:300][  0]LogConfig: Setting CVar [[r.Upscale.Quality:3]]
[2020.03.22-19.09.38:300][  0]LogConfig: Setting CVar [[r.Tonemapper.GrainQuantization:1]]
[2020.03.22-19.09.38:300][  0]LogConfig: Setting CVar [[r.LightShaftQuality:1]]
[2020.03.22-19.09.38:300][  0]LogConfig: Setting CVar [[r.Filter.SizeScale:1]]
[2020.03.22-19.09.38:300][  0]LogConfig: Setting CVar [[r.Tonemapper.Quality:5]]
[2020.03.22-19.09.38:300][  0]LogConfig: Setting CVar [[r.DOF.Gather.AccumulatorQuality:1        ; higher gathering accumulator quality]]
[2020.03.22-19.09.38:300][  0]LogConfig: Setting CVar [[r.DOF.Gather.PostfilterMethod:1          ; Median3x3 postfilering method]]
[2020.03.22-19.09.38:300][  0]LogConfig: Setting CVar [[r.DOF.Gather.EnableBokehSettings:0       ; no bokeh simulation when gathering]]
[2020.03.22-19.09.38:300][  0]LogConfig: Setting CVar [[r.DOF.Gather.RingCount:4                 ; medium number of samples when gathering]]
[2020.03.22-19.09.38:300][  0]LogConfig: Setting CVar [[r.DOF.Scatter.ForegroundCompositing:1    ; additive foreground scattering]]
[2020.03.22-19.09.38:300][  0]LogConfig: Setting CVar [[r.DOF.Scatter.BackgroundCompositing:2    ; additive background scattering]]
[2020.03.22-19.09.38:300][  0]LogConfig: Setting CVar [[r.DOF.Scatter.EnableBokehSettings:1      ; bokeh simulation when scattering]]
[2020.03.22-19.09.38:300][  0]LogConfig: Setting CVar [[r.DOF.Scatter.MaxSpriteRatio:0.1         ; only a maximum of 10% of scattered bokeh]]
[2020.03.22-19.09.38:300][  0]LogConfig: Setting CVar [[r.DOF.Recombine.Quality:1                ; cheap slight out of focus]]
[2020.03.22-19.09.38:300][  0]LogConfig: Setting CVar [[r.DOF.Recombine.EnableBokehSettings:0    ; no bokeh simulation on slight out of focus]]
[2020.03.22-19.09.38:300][  0]LogConfig: Setting CVar [[r.DOF.TemporalAAQuality:1                ; more stable temporal accumulation]]
[2020.03.22-19.09.38:300][  0]LogConfig: Setting CVar [[r.DOF.Kernel.MaxForegroundRadius:0.025]]
[2020.03.22-19.09.38:300][  0]LogConfig: Setting CVar [[r.DOF.Kernel.MaxBackgroundRadius:0.025]]
[2020.03.22-19.09.38:301][  0]LogConfig: Applying CVar settings from Section [TextureQuality@3] File [D:/Users/Kollin/Documents/Unreal Projects/SandWitch/Saved/Config/Windows/Scalability.ini]
[2020.03.22-19.09.38:301][  0]LogConfig: Setting CVar [[r.Streaming.MipBias:0]]
[2020.03.22-19.09.38:301][  0]LogConfig: Setting CVar [[r.Streaming.AmortizeCPUToGPUCopy:0]]
[2020.03.22-19.09.38:301][  0]LogConfig: Setting CVar [[r.Streaming.MaxNumTexturesToStreamPerFrame:0]]
[2020.03.22-19.09.38:301][  0]LogConfig: Setting CVar [[r.Streaming.Boost:1]]
[2020.03.22-19.09.38:301][  0]LogConfig: Setting CVar [[r.MaxAnisotropy:8]]
[2020.03.22-19.09.38:301][  0]LogConfig: Setting CVar [[r.VT.MaxAnisotropy:8]]
[2020.03.22-19.09.38:301][  0]LogConfig: Setting CVar [[r.Streaming.LimitPoolSizeToVRAM:0]]
[2020.03.22-19.09.38:301][  0]LogConfig: Setting CVar [[r.Streaming.PoolSize:1000]]
[2020.03.22-19.09.38:301][  0]LogConfig: Setting CVar [[r.Streaming.MaxEffectiveScreenSize:0]]
[2020.03.22-19.09.38:301][  0]LogConfig: Applying CVar settings from Section [EffectsQuality@3] File [D:/Users/Kollin/Documents/Unreal Projects/SandWitch/Saved/Config/Windows/Scalability.ini]
[2020.03.22-19.09.38:301][  0]LogConfig: Setting CVar [[r.TranslucencyLightingVolumeDim:64]]
[2020.03.22-19.09.38:301][  0]LogConfig: Setting CVar [[r.RefractionQuality:2]]
[2020.03.22-19.09.38:301][  0]LogConfig: Setting CVar [[r.SSR.Quality:3]]
[2020.03.22-19.09.38:301][  0]LogConfig: Setting CVar [[r.SSR.HalfResSceneColor:0]]
[2020.03.22-19.09.38:301][  0]LogConfig: Setting CVar [[r.SceneColorFormat:4]]
[2020.03.22-19.09.38:301][  0]LogConfig: Setting CVar [[r.DetailMode:2]]
[2020.03.22-19.09.38:301][  0]LogConfig: Setting CVar [[r.TranslucencyVolumeBlur:1]]
[2020.03.22-19.09.38:301][  0]LogConfig: Setting CVar [[r.MaterialQualityLevel:1 ; High quality]]
[2020.03.22-19.09.38:301][  0]LogConfig: Setting CVar [[r.SSS.Scale:1]]
[2020.03.22-19.09.38:301][  0]LogConfig: Setting CVar [[r.SSS.SampleSet:2]]
[2020.03.22-19.09.38:301][  0]LogConfig: Setting CVar [[r.SSS.Quality:1]]
[2020.03.22-19.09.38:301][  0]LogConfig: Setting CVar [[r.SSS.HalfRes:1]]
[2020.03.22-19.09.38:301][  0]LogConfig: Setting CVar [[r.SSGI.Quality:3]]
[2020.03.22-19.09.38:301][  0]LogConfig: Setting CVar [[r.EmitterSpawnRateScale:1.0]]
[2020.03.22-19.09.38:301][  0]LogConfig: Setting CVar [[r.ParticleLightQuality:2]]
[2020.03.22-19.09.38:301][  0]LogConfig: Setting CVar [[r.SkyAtmosphere.AerialPerspectiveLUT.FastApplyOnOpaque:1 ; Always have FastSkyLUT 1 in this case to avoid wrong sky]]
[2020.03.22-19.09.38:301][  0]LogConfig: Setting CVar [[r.SkyAtmosphere.AerialPerspectiveLUT.SampleCountPerSlice:1]]
[2020.03.22-19.09.38:301][  0]LogConfig: Setting CVar [[r.SkyAtmosphere.AerialPerspectiveLUT.DepthResolution:16.0]]
[2020.03.22-19.09.38:301][  0]LogConfig: Setting CVar [[r.SkyAtmosphere.FastSkyLUT:1]]
[2020.03.22-19.09.38:301][  0]LogConfig: Setting CVar [[r.SkyAtmosphere.FastSkyLUT.SampleCountMin:4.0]]
[2020.03.22-19.09.38:301][  0]LogConfig: Setting CVar [[r.SkyAtmosphere.FastSkyLUT.SampleCountMax:32.0]]
[2020.03.22-19.09.38:301][  0]LogConfig: Setting CVar [[r.SkyAtmosphere.SampleCountMin:4.0]]
[2020.03.22-19.09.38:301][  0]LogConfig: Setting CVar [[r.SkyAtmosphere.SampleCountMax:32.0]]
[2020.03.22-19.09.38:301][  0]LogConfig: Setting CVar [[r.SkyAtmosphere.TransmittanceLUT.UseSmallFormat:0]]
[2020.03.22-19.09.38:301][  0]LogConfig: Setting CVar [[r.SkyAtmosphere.TransmittanceLUT.SampleCount:10.0]]
[2020.03.22-19.09.38:301][  0]LogConfig: Setting CVar [[r.SkyAtmosphere.MultiScatteringLUT.SampleCount:15.0]]
[2020.03.22-19.09.38:301][  0]LogConfig: Applying CVar settings from Section [FoliageQuality@3] File [D:/Users/Kollin/Documents/Unreal Projects/SandWitch/Saved/Config/Windows/Scalability.ini]
[2020.03.22-19.09.38:301][  0]LogConfig: Setting CVar [[foliage.DensityScale:1.0]]
[2020.03.22-19.09.38:301][  0]LogConfig: Setting CVar [[grass.DensityScale:1.0]]
[2020.03.22-19.09.38:301][  0]LogConfig: Applying CVar settings from Section [ShadingQuality@3] File [D:/Users/Kollin/Documents/Unreal Projects/SandWitch/Saved/Config/Windows/Scalability.ini]
[2020.03.22-19.09.38:301][  0]LogConfig: Setting CVar [[r.HairStrands.SkyLighting.SampleCount:16]]
[2020.03.22-19.09.38:301][  0]LogConfig: Setting CVar [[r.HairStrands.SkyLighting.JitterIntegration:0]]
[2020.03.22-19.09.38:301][  0]LogConfig: Setting CVar [[r.HairStrands.SkyAO.SampleCount:16]]
[2020.03.22-19.09.38:301][  0]LogInit: Selected Device Profile: [Windows]
[2020.03.22-19.09.38:301][  0]LogInit: Applying CVar settings loaded from the selected device profile: [Windows]
[2020.03.22-19.09.38:303][  0]LogHAL: Display: Platform has ~ 16 GB [17137291264 / 17179869184 / 16], which maps to Larger [LargestMinGB=32, LargerMinGB=12, DefaultMinGB=8, SmallerMinGB=6, SmallestMinGB=0)
[2020.03.22-19.09.38:303][  0]LogInit: Going up to parent DeviceProfile []
[2020.03.22-19.09.38:303][  0]LogConfig: Applying CVar settings from Section [ViewDistanceQuality@3] File [D:/Users/Kollin/Documents/Unreal Projects/SandWitch/Saved/Config/Windows/Scalability.ini]
[2020.03.22-19.09.38:303][  0]LogConfig: Setting CVar [[r.SkeletalMeshLODBias:0]]
[2020.03.22-19.09.38:303][  0]LogConfig: Setting CVar [[r.ViewDistanceScale:1.0]]
[2020.03.22-19.09.38:303][  0]LogConfig: Applying CVar settings from Section [AntiAliasingQuality@3] File [D:/Users/Kollin/Documents/Unreal Projects/SandWitch/Saved/Config/Windows/Scalability.ini]
[2020.03.22-19.09.38:304][  0]LogConfig: Setting CVar [[r.PostProcessAAQuality:4]]
[2020.03.22-19.09.38:304][  0]LogConfig: Applying CVar settings from Section [ShadowQuality@3] File [D:/Users/Kollin/Documents/Unreal Projects/SandWitch/Saved/Config/Windows/Scalability.ini]
[2020.03.22-19.09.38:304][  0]LogConfig: Setting CVar [[r.LightFunctionQuality:1]]
[2020.03.22-19.09.38:304][  0]LogConfig: Setting CVar [[r.ShadowQuality:5]]
[2020.03.22-19.09.38:304][  0]LogConfig: Setting CVar [[r.Shadow.CSM.MaxCascades:10]]
[2020.03.22-19.09.38:304][  0]LogConfig: Setting CVar [[r.Shadow.MaxResolution:2048]]
[2020.03.22-19.09.38:304][  0]LogConfig: Setting CVar [[r.Shadow.MaxCSMResolution:2048]]
[2020.03.22-19.09.38:304][  0]LogConfig: Setting CVar [[r.Shadow.RadiusThreshold:0.01]]
[2020.03.22-19.09.38:304][  0]LogConfig: Setting CVar [[r.Shadow.DistanceScale:1.0]]
[2020.03.22-19.09.38:304][  0]LogConfig: Setting CVar [[r.Shadow.CSM.TransitionScale:1.0]]
[2020.03.22-19.09.38:304][  0]LogConfig: Setting CVar [[r.Shadow.PreShadowResolutionFactor:1.0]]
[2020.03.22-19.09.38:304][  0]LogConfig: Setting CVar [[r.DistanceFieldShadowing:1]]
[2020.03.22-19.09.38:304][  0]LogConfig: Setting CVar [[r.DistanceFieldAO:1]]
[2020.03.22-19.09.38:304][  0]LogConfig: Setting CVar [[r.AOQuality:2]]
[2020.03.22-19.09.38:304][  0]LogConfig: Setting CVar [[r.VolumetricFog:1]]
[2020.03.22-19.09.38:304][  0]LogConfig: Setting CVar [[r.VolumetricFog.GridPixelSize:8]]
[2020.03.22-19.09.38:304][  0]LogConfig: Setting CVar [[r.VolumetricFog.GridSizeZ:128]]
[2020.03.22-19.09.38:304][  0]LogConfig: Setting CVar [[r.VolumetricFog.HistoryMissSupersampleCount:4]]
[2020.03.22-19.09.38:304][  0]LogConfig: Setting CVar [[r.LightMaxDrawDistanceScale:1]]
[2020.03.22-19.09.38:304][  0]LogConfig: Setting CVar [[r.CapsuleShadows:1]]
[2020.03.22-19.09.38:304][  0]LogConfig: Applying CVar settings from Section [PostProcessQuality@3] File [D:/Users/Kollin/Documents/Unreal Projects/SandWitch/Saved/Config/Windows/Scalability.ini]
[2020.03.22-19.09.38:304][  0]LogConfig: Setting CVar [[r.MotionBlurQuality:4]]
[2020.03.22-19.09.38:304][  0]LogConfig: Setting CVar [[r.AmbientOcclusionMipLevelFactor:0.4]]
[2020.03.22-19.09.38:304][  0]LogConfig: Setting CVar [[r.AmbientOcclusionMaxQuality:100]]
[2020.03.22-19.09.38:304][  0]LogConfig: Setting CVar [[r.AmbientOcclusionLevels:-1]]
[2020.03.22-19.09.38:304][  0]LogConfig: Setting CVar [[r.AmbientOcclusionRadiusScale:1.0]]
[2020.03.22-19.09.38:304][  0]LogConfig: Setting CVar [[r.DepthOfFieldQuality:2]]
[2020.03.22-19.09.38:304][  0]LogConfig: Setting CVar [[r.RenderTargetPoolMin:400]]
[2020.03.22-19.09.38:304][  0]LogConfig: Setting CVar [[r.LensFlareQuality:2]]
[2020.03.22-19.09.38:304][  0]LogConfig: Setting CVar [[r.SceneColorFringeQuality:1]]
[2020.03.22-19.09.38:304][  0]LogConfig: Setting CVar [[r.EyeAdaptationQuality:2]]
[2020.03.22-19.09.38:304][  0]LogConfig: Setting CVar [[r.BloomQuality:5]]
[2020.03.22-19.09.38:304][  0]LogConfig: Setting CVar [[r.FastBlurThreshold:100]]
[2020.03.22-19.09.38:304][  0]LogConfig: Setting CVar [[r.Upscale.Quality:3]]
[2020.03.22-19.09.38:304][  0]LogConfig: Setting CVar [[r.Tonemapper.GrainQuantization:1]]
[2020.03.22-19.09.38:304][  0]LogConfig: Setting CVar [[r.LightShaftQuality:1]]
[2020.03.22-19.09.38:304][  0]LogConfig: Setting CVar [[r.Filter.SizeScale:1]]
[2020.03.22-19.09.38:304][  0]LogConfig: Setting CVar [[r.Tonemapper.Quality:5]]
[2020.03.22-19.09.38:304][  0]LogConfig: Setting CVar [[r.DOF.Gather.AccumulatorQuality:1        ; higher gathering accumulator quality]]
[2020.03.22-19.09.38:304][  0]LogConfig: Setting CVar [[r.DOF.Gather.PostfilterMethod:1          ; Median3x3 postfilering method]]
[2020.03.22-19.09.38:304][  0]LogConfig: Setting CVar [[r.DOF.Gather.EnableBokehSettings:0       ; no bokeh simulation when gathering]]
[2020.03.22-19.09.38:304][  0]LogConfig: Setting CVar [[r.DOF.Gather.RingCount:4                 ; medium number of samples when gathering]]
[2020.03.22-19.09.38:304][  0]LogConfig: Setting CVar [[r.DOF.Scatter.ForegroundCompositing:1    ; additive foreground scattering]]
[2020.03.22-19.09.38:304][  0]LogConfig: Setting CVar [[r.DOF.Scatter.BackgroundCompositing:2    ; additive background scattering]]
[2020.03.22-19.09.38:304][  0]LogConfig: Setting CVar [[r.DOF.Scatter.EnableBokehSettings:1      ; bokeh simulation when scattering]]
[2020.03.22-19.09.38:304][  0]LogConfig: Setting CVar [[r.DOF.Scatter.MaxSpriteRatio:0.1         ; only a maximum of 10% of scattered bokeh]]
[2020.03.22-19.09.38:304][  0]LogConfig: Setting CVar [[r.DOF.Recombine.Quality:1                ; cheap slight out of focus]]
[2020.03.22-19.09.38:304][  0]LogConfig: Setting CVar [[r.DOF.Recombine.EnableBokehSettings:0    ; no bokeh simulation on slight out of focus]]
[2020.03.22-19.09.38:304][  0]LogConfig: Setting CVar [[r.DOF.TemporalAAQuality:1                ; more stable temporal accumulation]]
[2020.03.22-19.09.38:304][  0]LogConfig: Setting CVar [[r.DOF.Kernel.MaxForegroundRadius:0.025]]
[2020.03.22-19.09.38:304][  0]LogConfig: Setting CVar [[r.DOF.Kernel.MaxBackgroundRadius:0.025]]
[2020.03.22-19.09.38:304][  0]LogConfig: Applying CVar settings from Section [TextureQuality@3] File [D:/Users/Kollin/Documents/Unreal Projects/SandWitch/Saved/Config/Windows/Scalability.ini]
[2020.03.22-19.09.38:304][  0]LogConfig: Setting CVar [[r.Streaming.MipBias:0]]
[2020.03.22-19.09.38:304][  0]LogConfig: Setting CVar [[r.Streaming.AmortizeCPUToGPUCopy:0]]
[2020.03.22-19.09.38:304][  0]LogConfig: Setting CVar [[r.Streaming.MaxNumTexturesToStreamPerFrame:0]]
[2020.03.22-19.09.38:304][  0]LogConfig: Setting CVar [[r.Streaming.Boost:1]]
[2020.03.22-19.09.38:304][  0]LogConfig: Setting CVar [[r.MaxAnisotropy:8]]
[2020.03.22-19.09.38:304][  0]LogConfig: Setting CVar [[r.VT.MaxAnisotropy:8]]
[2020.03.22-19.09.38:304][  0]LogConfig: Setting CVar [[r.Streaming.LimitPoolSizeToVRAM:0]]
[2020.03.22-19.09.38:304][  0]LogConfig: Setting CVar [[r.Streaming.PoolSize:1000]]
[2020.03.22-19.09.38:304][  0]LogConfig: Setting CVar [[r.Streaming.MaxEffectiveScreenSize:0]]
[2020.03.22-19.09.38:304][  0]LogConfig: Applying CVar settings from Section [EffectsQuality@3] File [D:/Users/Kollin/Documents/Unreal Projects/SandWitch/Saved/Config/Windows/Scalability.ini]
[2020.03.22-19.09.38:304][  0]LogConfig: Setting CVar [[r.TranslucencyLightingVolumeDim:64]]
[2020.03.22-19.09.38:304][  0]LogConfig: Setting CVar [[r.RefractionQuality:2]]
[2020.03.22-19.09.38:304][  0]LogConfig: Setting CVar [[r.SSR.Quality:3]]
[2020.03.22-19.09.38:304][  0]LogConfig: Setting CVar [[r.SSR.HalfResSceneColor:0]]
[2020.03.22-19.09.38:304][  0]LogConfig: Setting CVar [[r.SceneColorFormat:4]]
[2020.03.22-19.09.38:304][  0]LogConfig: Setting CVar [[r.DetailMode:2]]
[2020.03.22-19.09.38:304][  0]LogConfig: Setting CVar [[r.TranslucencyVolumeBlur:1]]
[2020.03.22-19.09.38:304][  0]LogConfig: Setting CVar [[r.MaterialQualityLevel:1 ; High quality]]
[2020.03.22-19.09.38:304][  0]LogConfig: Setting CVar [[r.SSS.Scale:1]]
[2020.03.22-19.09.38:304][  0]LogConfig: Setting CVar [[r.SSS.SampleSet:2]]
[2020.03.22-19.09.38:304][  0]LogConfig: Setting CVar [[r.SSS.Quality:1]]
[2020.03.22-19.09.38:304][  0]LogConfig: Setting CVar [[r.SSS.HalfRes:1]]
[2020.03.22-19.09.38:304][  0]LogConfig: Setting CVar [[r.SSGI.Quality:3]]
[2020.03.22-19.09.38:304][  0]LogConfig: Setting CVar [[r.EmitterSpawnRateScale:1.0]]
[2020.03.22-19.09.38:304][  0]LogConfig: Setting CVar [[r.ParticleLightQuality:2]]
[2020.03.22-19.09.38:305][  0]LogConfig: Setting CVar [[r.SkyAtmosphere.AerialPerspectiveLUT.FastApplyOnOpaque:1 ; Always have FastSkyLUT 1 in this case to avoid wrong sky]]
[2020.03.22-19.09.38:305][  0]LogConfig: Setting CVar [[r.SkyAtmosphere.AerialPerspectiveLUT.SampleCountPerSlice:1]]
[2020.03.22-19.09.38:305][  0]LogConfig: Setting CVar [[r.SkyAtmosphere.AerialPerspectiveLUT.DepthResolution:16.0]]
[2020.03.22-19.09.38:305][  0]LogConfig: Setting CVar [[r.SkyAtmosphere.FastSkyLUT:1]]
[2020.03.22-19.09.38:305][  0]LogConfig: Setting CVar [[r.SkyAtmosphere.FastSkyLUT.SampleCountMin:4.0]]
[2020.03.22-19.09.38:305][  0]LogConfig: Setting CVar [[r.SkyAtmosphere.FastSkyLUT.SampleCountMax:32.0]]
[2020.03.22-19.09.38:305][  0]LogConfig: Setting CVar [[r.SkyAtmosphere.SampleCountMin:4.0]]
[2020.03.22-19.09.38:305][  0]LogConfig: Setting CVar [[r.SkyAtmosphere.SampleCountMax:32.0]]
[2020.03.22-19.09.38:305][  0]LogConfig: Setting CVar [[r.SkyAtmosphere.TransmittanceLUT.UseSmallFormat:0]]
[2020.03.22-19.09.38:305][  0]LogConfig: Setting CVar [[r.SkyAtmosphere.TransmittanceLUT.SampleCount:10.0]]
[2020.03.22-19.09.38:305][  0]LogConfig: Setting CVar [[r.SkyAtmosphere.MultiScatteringLUT.SampleCount:15.0]]
[2020.03.22-19.09.38:305][  0]LogConfig: Applying CVar settings from Section [FoliageQuality@3] File [D:/Users/Kollin/Documents/Unreal Projects/SandWitch/Saved/Config/Windows/Scalability.ini]
[2020.03.22-19.09.38:305][  0]LogConfig: Setting CVar [[foliage.DensityScale:1.0]]
[2020.03.22-19.09.38:305][  0]LogConfig: Setting CVar [[grass.DensityScale:1.0]]
[2020.03.22-19.09.38:305][  0]LogConfig: Applying CVar settings from Section [ShadingQuality@3] File [D:/Users/Kollin/Documents/Unreal Projects/SandWitch/Saved/Config/Windows/Scalability.ini]
[2020.03.22-19.09.38:305][  0]LogConfig: Setting CVar [[r.HairStrands.SkyLighting.SampleCount:16]]
[2020.03.22-19.09.38:305][  0]LogConfig: Setting CVar [[r.HairStrands.SkyLighting.JitterIntegration:0]]
[2020.03.22-19.09.38:305][  0]LogConfig: Setting CVar [[r.HairStrands.SkyAO.SampleCount:16]]
[2020.03.22-19.09.38:305][  0]LogConfig: Applying CVar settings from Section [Startup] File [../../../Engine/Config/ConsoleVariables.ini]
[2020.03.22-19.09.38:305][  0]LogConfig: Setting CVar [[net.UseAdaptiveNetUpdateFrequency:0]]
[2020.03.22-19.09.38:305][  0]LogConfig: Setting CVar [[p.chaos.AllowCreatePhysxBodies:1]]
[2020.03.22-19.09.38:305][  0]LogConfig: Applying CVar settings from Section [ConsoleVariables] File [D:/Users/Kollin/Documents/Unreal Projects/SandWitch/Saved/Config/Windows/Engine.ini]
[2020.03.22-19.09.38:305][  0]LogInit: Computer: CONSTRUCTOR
[2020.03.22-19.09.38:305][  0]LogInit: User: Kollin
[2020.03.22-19.09.38:305][  0]LogInit: CPU Page size=4096, Cores=4
[2020.03.22-19.09.38:305][  0]LogInit: High frequency timer resolution =10.000000 MHz
[2020.03.22-19.09.38:305][  0]LogMemory: Memory total: Physical=16.0GB (16GB approx)
[2020.03.22-19.09.38:305][  0]LogMemory: Platform Memory Stats for Windows
[2020.03.22-19.09.38:305][  0]LogMemory: Process Physical Memory: 104.27 MB used, 104.27 MB peak
[2020.03.22-19.09.38:305][  0]LogMemory: Process Virtual Memory: 100.09 MB used, 100.09 MB peak
[2020.03.22-19.09.38:305][  0]LogMemory: Physical Memory: 6328.69 MB used,  10014.70 MB free, 16343.39 MB total
[2020.03.22-19.09.38:305][  0]LogMemory: Virtual Memory: 5086.89 MB used,  134212640.00 MB free, 134217728.00 MB total
[2020.03.22-19.09.38:309][  0]LogWindows: WindowsPlatformFeatures enabled
[2020.03.22-19.09.38:330][  0]LogInit: Using OS detected language (en-US).
[2020.03.22-19.09.38:330][  0]LogInit: Using OS detected locale (en-US).
[2020.03.22-19.09.38:331][  0]LogTextLocalizationManager: No specific localization for 'en-US' exists, so the 'en' localization will be used.
[2020.03.22-19.09.38:486][  0]LogInit: Setting process to per monitor DPI aware
[2020.03.22-19.09.38:518][  0]LogSlate: New Slate User Created.  User Index 0, Is Virtual User: 0
[2020.03.22-19.09.38:518][  0]LogSlate: Slate User Registered.  User Index 0, Is Virtual User: 0
[2020.03.22-19.09.38:669][  0]LogHMD: Failed to initialize OpenVR with code 110
[2020.03.22-19.09.38:669][  0]LogD3D11RHI: D3D11 min allowed feature level: 11_0
[2020.03.22-19.09.38:669][  0]LogD3D11RHI: D3D11 max allowed feature level: 11_0
[2020.03.22-19.09.38:669][  0]LogD3D11RHI: D3D11 adapters:
[2020.03.22-19.09.38:725][  0]LogD3D11RHI:    0. 'NVIDIA GeForce GTX 1060 3GB' (Feature Level 11_0)
[2020.03.22-19.09.38:725][  0]LogD3D11RHI:       2988/0/8171 MB DedicatedVideo/DedicatedSystem/SharedSystem, Outputs:2, VendorId:0x10de
[2020.03.22-19.09.38:727][  0]LogD3D11RHI:    1. 'Microsoft Basic Render Driver' (Feature Level 11_0)
[2020.03.22-19.09.38:727][  0]LogD3D11RHI:       0/0/8171 MB DedicatedVideo/DedicatedSystem/SharedSystem, Outputs:0, VendorId:0x1414
[2020.03.22-19.09.38:727][  0]LogD3D11RHI: Chosen D3D11 Adapter: 0
[2020.03.22-19.09.38:733][  0]LogD3D11RHI: Creating new Direct3DDevice
[2020.03.22-19.09.38:734][  0]LogD3D11RHI:     GPU DeviceId: 0x1c02 (for the marketing name, search the web for "GPU Device Id")
[2020.03.22-19.09.38:734][  0]LogWindows: EnumDisplayDevices:
[2020.03.22-19.09.38:734][  0]LogWindows:    0. 'NVIDIA GeForce GTX 1060 3GB' (P:1 D:1)
[2020.03.22-19.09.38:734][  0]LogWindows:    1. 'NVIDIA GeForce GTX 1060 3GB' (P:0 D:1)
[2020.03.22-19.09.38:734][  0]LogWindows:    2. 'NVIDIA GeForce GTX 1060 3GB' (P:0 D:0)
[2020.03.22-19.09.38:735][  0]LogWindows:    3. 'NVIDIA GeForce GTX 1060 3GB' (P:0 D:0)
[2020.03.22-19.09.38:735][  0]LogWindows: DebugString: FoundDriverCount:4 
[2020.03.22-19.09.38:735][  0]LogD3D11RHI:     Adapter Name: NVIDIA GeForce GTX 1060 3GB
[2020.03.22-19.09.38:735][  0]LogD3D11RHI:   Driver Version: 432.00 (internal:26.21.14.3200, unified:432.00)
[2020.03.22-19.09.38:735][  0]LogD3D11RHI:      Driver Date: 7-24-2019
[2020.03.22-19.09.38:735][  0]LogRHI: Texture pool is 2091 MB (70% of 2988 MB)
[2020.03.22-19.09.38:768][  0]LogD3D11RHI: RHI has support for 64 bit atomics
[2020.03.22-19.09.38:769][  0]LogD3D11RHI: Async texture creation enabled
[2020.03.22-19.09.38:783][  0]LogD3D11RHI: GPU Timing Frequency: 1000.000000 (Debug: 2 1)
[2020.03.22-19.09.39:071][  0]LogTargetPlatformManager: Display: Loaded TargetPlatform 'AllDesktop'
[2020.03.22-19.09.39:099][  0]LogTargetPlatformManager: Display: Loaded TargetPlatform 'Android'
[2020.03.22-19.09.39:099][  0]LogTargetPlatformManager: Display: Loaded TargetPlatform 'Android_ASTC'
[2020.03.22-19.09.39:099][  0]LogTargetPlatformManager: Display: Loaded TargetPlatform 'Android_ATC'
[2020.03.22-19.09.39:099][  0]LogTargetPlatformManager: Display: Loaded TargetPlatform 'Android_DXT'
[2020.03.22-19.09.39:099][  0]LogTargetPlatformManager: Display: Loaded TargetPlatform 'Android_ETC1'
[2020.03.22-19.09.39:099][  0]LogTargetPlatformManager: Display: Loaded TargetPlatform 'Android_ETC1a'
[2020.03.22-19.09.39:099][  0]LogTargetPlatformManager: Display: Loaded TargetPlatform 'Android_ETC2'
[2020.03.22-19.09.39:099][  0]LogTargetPlatformManager: Display: Loaded TargetPlatform 'Android_PVRTC'
[2020.03.22-19.09.39:099][  0]LogTargetPlatformManager: Display: Loaded TargetPlatform 'AndroidClient'
[2020.03.22-19.09.39:099][  0]LogTargetPlatformManager: Display: Loaded TargetPlatform 'Android_ASTCClient'
[2020.03.22-19.09.39:099][  0]LogTargetPlatformManager: Display: Loaded TargetPlatform 'Android_ATCClient'
[2020.03.22-19.09.39:099][  0]LogTargetPlatformManager: Display: Loaded TargetPlatform 'Android_DXTClient'
[2020.03.22-19.09.39:099][  0]LogTargetPlatformManager: Display: Loaded TargetPlatform 'Android_ETC1Client'
[2020.03.22-19.09.39:099][  0]LogTargetPlatformManager: Display: Loaded TargetPlatform 'Android_ETC1aClient'
[2020.03.22-19.09.39:099][  0]LogTargetPlatformManager: Display: Loaded TargetPlatform 'Android_ETC2Client'
[2020.03.22-19.09.39:099][  0]LogTargetPlatformManager: Display: Loaded TargetPlatform 'Android_PVRTCClient'
[2020.03.22-19.09.39:099][  0]LogTargetPlatformManager: Display: Loaded TargetPlatform 'Android_Multi'
[2020.03.22-19.09.39:099][  0]LogTargetPlatformManager: Display: Loaded TargetPlatform 'Android_MultiClient'
[2020.03.22-19.09.39:115][  0]LogTargetPlatformManager: Display: Loaded TargetPlatform 'IOSClient'
[2020.03.22-19.09.39:115][  0]LogTargetPlatformManager: Display: Loaded TargetPlatform 'IOS'
[2020.03.22-19.09.39:122][  0]LogTargetPlatformManager: Display: Loaded TargetPlatform 'LinuxNoEditor'
[2020.03.22-19.09.39:128][  0]LogTargetPlatformManager: Display: Loaded TargetPlatform 'LinuxClient'
[2020.03.22-19.09.39:134][  0]LogTargetPlatformManager: Display: Loaded TargetPlatform 'LinuxServer'
[2020.03.22-19.09.39:141][  0]LogTargetPlatformManager: Display: Loaded TargetPlatform 'LinuxAArch64NoEditor'
[2020.03.22-19.09.39:147][  0]LogTargetPlatformManager: Display: Loaded TargetPlatform 'LinuxAArch64Client'
[2020.03.22-19.09.39:153][  0]LogTargetPlatformManager: Display: Loaded TargetPlatform 'LinuxAArch64Server'
[2020.03.22-19.09.39:175][  0]LogTargetPlatformManager: Display: Loaded TargetPlatform 'Lumin'
[2020.03.22-19.09.39:175][  0]LogTargetPlatformManager: Display: Loaded TargetPlatform 'LuminClient'
[2020.03.22-19.09.39:187][  0]LogTargetPlatformManager: Display: Loaded TargetPlatform 'TVOSClient'
[2020.03.22-19.09.39:187][  0]LogTargetPlatformManager: Display: Loaded TargetPlatform 'TVOS'
[2020.03.22-19.09.39:194][  0]LogTargetPlatformManager: Display: Loaded TargetPlatform 'WindowsNoEditor'
[2020.03.22-19.09.39:201][  0]LogTargetPlatformManager: Display: Loaded TargetPlatform 'Windows'
[2020.03.22-19.09.39:207][  0]LogTargetPlatformManager: Display: Loaded TargetPlatform 'WindowsClient'
[2020.03.22-19.09.39:213][  0]LogTargetPlatformManager: Display: Loaded TargetPlatform 'WindowsServer'
[2020.03.22-19.09.39:213][  0]LogTargetPlatformManager: Display: Building Assets For Windows
[2020.03.22-19.09.39:216][  0]LogAudioDebug: Display: Lib vorbis DLL was dynamically loaded.
[2020.03.22-19.09.39:239][  0]LogShaderCompilers: Guid format shader working directory is -4 characters bigger than the processId version (D:/Users/Kollin/Documents/Unreal Projects/SandWitch/Intermediate/Shaders/WorkingDirectory/1052/).
[2020.03.22-19.09.39:239][  0]LogShaderCompilers: Cleaned the shader compiler working directory 'C:/Users/Kollin/AppData/Local/Temp/UnrealShaderWorkingDir/75337C4848F4CDE69F8E9F9788B67902/'.
[2020.03.22-19.09.39:240][  0]LogXGEController: Cannot use XGE Controller as Incredibuild is not installed on this machine.
[2020.03.22-19.09.39:240][  0]LogShaderCompilers: Cannot use XGE Shader Compiler as Incredibuild is not installed on this machine.
[2020.03.22-19.09.39:240][  0]LogShaderCompilers: Display: Using Local Shader Compiler.
[2020.03.22-19.09.39:862][  0]LogDerivedDataCache: Display: Max Cache Size: 512 MB
[2020.03.22-19.09.39:912][  0]LogDerivedDataCache: Loaded boot cache 0.05s 78MB C:/Users/Kollin/AppData/Local/UnrealEngine/4.24/DerivedDataCache/Boot.ddc.
[2020.03.22-19.09.39:912][  0]LogDerivedDataCache: Display: Loaded Boot cache: C:/Users/Kollin/AppData/Local/UnrealEngine/4.24/DerivedDataCache/Boot.ddc
[2020.03.22-19.09.39:913][  0]LogDerivedDataCache: FDerivedDataBackendGraph:  Pak pak cache file D:/Users/Kollin/Documents/Unreal Projects/SandWitch/DerivedDataCache/DDC.ddp not found, will not use a pak cache.
[2020.03.22-19.09.39:913][  0]LogDerivedDataCache: Unable to find inner node Pak for hierarchical cache Hierarchy.
[2020.03.22-19.09.39:913][  0]LogDerivedDataCache: FDerivedDataBackendGraph:  CompressedPak pak cache file D:/Users/Kollin/Documents/Unreal Projects/SandWitch/DerivedDataCache/Compressed.ddp not found, will not use a pak cache.
[2020.03.22-19.09.39:913][  0]LogDerivedDataCache: Unable to find inner node CompressedPak for hierarchical cache Hierarchy.
[2020.03.22-19.09.39:922][  0]LogDerivedDataCache: Display: Pak cache opened for reading ../../../Engine/DerivedDataCache/Compressed.ddp.
[2020.03.22-19.09.39:922][  0]LogDerivedDataCache: FDerivedDataBackendGraph:  EnterprisePak pak cache file ../../../Enterprise/DerivedDataCache/Compressed.ddp not found, will not use a pak cache.
[2020.03.22-19.09.39:922][  0]LogDerivedDataCache: Unable to find inner node EnterprisePak for hierarchical cache Hierarchy.
[2020.03.22-19.09.39:923][  0]LogDerivedDataCache: Using Local data cache path C:/Users/Kollin/AppData/Local/UnrealEngine/Common/DerivedDataCache: Writable
[2020.03.22-19.09.39:923][  0]LogDerivedDataCache: Shared data cache path not found in *engine.ini, will not use an Shared cache.
[2020.03.22-19.09.39:923][  0]LogDerivedDataCache: Unable to find inner node Shared for hierarchical cache Hierarchy.
[2020.03.22-19.09.39:946][  0]LogMaterial: Verifying Global Shaders for PCD3D_SM5
[2020.03.22-19.09.39:948][  0]LogSlate: Using FreeType 2.10.0
[2020.03.22-19.09.39:949][  0]LogSlate: SlateFontServices - WITH_FREETYPE: 1, WITH_HARFBUZZ: 1
[2020.03.22-19.09.40:003][  0]LogAssetRegistry: FAssetRegistry took 0.0022 seconds to start up
[2020.03.22-19.09.40:251][  0]LogInit: Selected Device Profile: [Windows]
[2020.03.22-19.09.40:387][  0]LogMeshReduction: Using QuadricMeshReduction for automatic static mesh reduction
[2020.03.22-19.09.40:387][  0]LogMeshReduction: Using SimplygonMeshReduction for automatic skeletal mesh reduction
[2020.03.22-19.09.40:388][  0]LogMeshReduction: Using ProxyLODMeshReduction for automatic mesh merging
[2020.03.22-19.09.40:388][  0]LogMeshReduction: No distributed automatic mesh merging module available
[2020.03.22-19.09.40:388][  0]LogMeshMerging: No distributed automatic mesh merging module available
[2020.03.22-19.09.40:401][  0]LogNetVersion: Sandwitch 1.0.0, NetCL: 10570792, EngineNetVer: 13, GameNetVer: 0 (Checksum: 3839100920)
[2020.03.22-19.09.41:404][  0]LogPackageLocalizationCache: Processed 10 localized package path(s) for 1 prioritized culture(s) in 0.027298 seconds
[2020.03.22-19.09.41:411][  0]LogUObjectArray: 46750 objects as part of root set at end of initial load.
[2020.03.22-19.09.41:411][  0]LogUObjectAllocator: 8137160 out of 0 bytes used by permanent object pool.
[2020.03.22-19.09.41:411][  0]LogUObjectArray: CloseDisregardForGC: 0/0 objects in disregard for GC pool
[2020.03.22-19.09.41:755][  0]LogTcpMessaging: Initializing TcpMessaging bridge
[2020.03.22-19.09.41:758][  0]LogUdpMessaging: Initializing bridge on interface 0.0.0.0:0 to multicast group 230.0.0.1:6666.
[2020.03.22-19.09.41:803][  0]SourceControl: Source control is disabled
[2020.03.22-19.09.41:803][  0]SourceControl: Source control is disabled
[2020.03.22-19.09.41:804][  0]SourceControl: Source control is disabled
[2020.03.22-19.09.41:805][  0]SourceControl: Source control is disabled
[2020.03.22-19.09.41:806][  0]SourceControl: Source control is disabled
[2020.03.22-19.09.41:813][  0]LogVSAccessor: Display: Unable to create Visual Studio setup instance: 80040154
[2020.03.22-19.09.41:814][  0]LogVSAccessor: Display: Unable to create Visual Studio setup instance: 80040154
[2020.03.22-19.09.41:887][  0]LogAndroidPermission: UAndroidPermissionCallbackProxy::GetInstance
[2020.03.22-19.09.41:898][  0]LogAudioCaptureCore: Display: No Audio Capture implementations found. Audio input will be silent.
[2020.03.22-19.09.41:898][  0]LogAudioCaptureCore: Display: No Audio Capture implementations found. Audio input will be silent.
[2020.03.22-19.09.41:974][  0]LogOcInput: OculusInput pre-init called
[2020.03.22-19.09.41:981][  0]LogWindows: Failed to load 'OVRPlugin.dll' (GetLastError=126)
[2020.03.22-19.09.41:981][  0]LogWindows: File 'OVRPlugin.dll' does not exist
[2020.03.22-19.09.42:039][  0]LogEngine: Initializing Engine...
[2020.03.22-19.09.42:040][  0]LogHMD: Failed to initialize OpenVR with code 110
[2020.03.22-19.09.42:041][  0]LogStats: UGameplayTagsManager::InitializeManager -  0.000 s
[2020.03.22-19.09.42:331][  0]LogInit: Initializing FReadOnlyCVARCache
[2020.03.22-19.09.42:336][  0]LogAIModule: Creating AISystem for world Untitled
[2020.03.22-19.09.42:405][  0]LogAudioMixer: Display: Audio Mixer Platform Settings:
[2020.03.22-19.09.42:405][  0]LogAudioMixer: Display: 	Sample Rate:						  48000
[2020.03.22-19.09.42:405][  0]LogAudioMixer: Display: 	Callback Buffer Frame Size Requested: 1024
[2020.03.22-19.09.42:406][  0]LogAudioMixer: Display: 	Callback Buffer Frame Size To Use:	  1024
[2020.03.22-19.09.42:406][  0]LogAudioMixer: Display: 	Number of buffers to queue:			  2
[2020.03.22-19.09.42:406][  0]LogAudioMixer: Display: 	Max Channels (voices):				  32
[2020.03.22-19.09.42:406][  0]LogAudioMixer: Display: 	Number of Async Source Workers:		  0
[2020.03.22-19.09.42:406][  0]LogAudio: Display: AudioDevice MaxSources: 32
[2020.03.22-19.09.42:406][  0]LogAudio: Display: Using built-in audio occlusion.
[2020.03.22-19.09.42:406][  0]LogAudioMixer: Display: Initializing audio mixer.
[2020.03.22-19.09.42:436][  0]LogAudioMixer: Display: Audio Device Output Speaker Info:
[2020.03.22-19.09.42:437][  0]LogAudioMixer: Display: Name: Speakers (Logitech G430 Gaming Headset)
[2020.03.22-19.09.42:437][  0]LogAudioMixer: Display: Is Default: Yes
[2020.03.22-19.09.42:437][  0]LogAudioMixer: Display: Sample Rate: 48000
[2020.03.22-19.09.42:437][  0]LogAudioMixer: Display: Channel Count Used: 8
[2020.03.22-19.09.42:437][  0]LogAudioMixer: Display: Device Channel Count: 8
[2020.03.22-19.09.42:437][  0]LogAudioMixer: Display: Channel Order:
[2020.03.22-19.09.42:437][  0]LogAudioMixer: Display: 0: FrontLeft
[2020.03.22-19.09.42:437][  0]LogAudioMixer: Display: 1: FrontRight
[2020.03.22-19.09.42:437][  0]LogAudioMixer: Display: 2: FrontCenter
[2020.03.22-19.09.42:437][  0]LogAudioMixer: Display: 3: LowFrequency
[2020.03.22-19.09.42:437][  0]LogAudioMixer: Display: 4: BackLeft
[2020.03.22-19.09.42:437][  0]LogAudioMixer: Display: 5: BackRight
[2020.03.22-19.09.42:437][  0]LogAudioMixer: Display: 6: SideLeft
[2020.03.22-19.09.42:437][  0]LogAudioMixer: Display: 7: SideRight
[2020.03.22-19.09.42:473][  0]LogAudioMixer: Display: Using Audio Device Speakers (Logitech G430 Gaming Headset)
[2020.03.22-19.09.42:478][  0]LogInit: FAudioDevice initialized.
[2020.03.22-19.09.42:478][  0]LogNetVersion: Set ProjectVersion to 1.0.0.0. Version Checksum will be recalculated on next use.
[2020.03.22-19.09.42:545][  0]LogDerivedDataCache: Saved boot cache 0.07s 78MB C:/Users/Kollin/AppData/Local/UnrealEngine/4.24/DerivedDataCache/Boot.ddc.
[2020.03.22-19.09.42:546][  0]LogInit: Texture streaming: Enabled
[2020.03.22-19.09.42:556][  0]LogEngineSessionManager: EngineSessionManager initialized
[2020.03.22-19.09.42:556][  0]LogEditorSessionSummary: Verbose: Initializing EditorSessionSummaryWriter for editor session tracking
[2020.03.22-19.09.42:564][  0]LogEditorSessionSummary: EditorSessionSummaryWriter initialized
[2020.03.22-19.09.42:589][  0]LogInit: Transaction tracking system initialized
[2020.03.22-19.09.42:599][  0]BlueprintLog: New page: Editor Load
[2020.03.22-19.09.42:627][  0]LocalizationService: Localization service is disabled
[2020.03.22-19.09.42:670][  0]LogVSAccessor: Display: Unable to create Visual Studio setup instance: 80040154
[2020.03.22-19.09.42:670][  0]LogVSAccessor: Display: Unable to create Visual Studio setup instance: 80040154
[2020.03.22-19.09.42:855][  0]LogFileCache: Scanning file cache for directory 'D:/Users/Kollin/Documents/Unreal Projects/SandWitch/Content/' took 0.00s
[2020.03.22-19.09.42:855][  0]LogCook: Display: Max memory allowance for cook 16384mb min free memory 0mb
[2020.03.22-19.09.42:855][  0]LogCook: Display: Mobile HDR setting 1
[2020.03.22-19.09.43:538][  0]SourceControl: Source control is disabled
[2020.03.22-19.09.43:538][  0]Cmd: MAP LOAD FILE="D:/Users/Kollin/Documents/Unreal Projects/SandWitch/Content/FirstPersonBP/Maps/FirstPersonExampleMap.umap" TEMPLATE=0 SHOWPROGRESS=1 FEATURELEVEL=3
[2020.03.22-19.09.43:538][  0]LightingResults: New page: Lighting Build
[2020.03.22-19.09.43:539][  0]LogWorld: UWorld::CleanupWorld for Untitled, bSessionEnded=true, bCleanupResources=true
[2020.03.22-19.09.43:539][  0]LogSlate: InvalidateAllWidgets triggered.  All widgets were invalidated
[2020.03.22-19.09.43:539][  0]MapCheck: New page: Map Check
[2020.03.22-19.09.43:539][  0]LightingResults: New page: Lighting Build
[2020.03.22-19.09.43:561][  0]LogUObjectHash: Compacting FUObjectHashTables data took   1.42ms
[2020.03.22-19.09.43:808][  0]LogAIModule: Creating AISystem for world FirstPersonExampleMap
[2020.03.22-19.09.43:816][  0]LogEditorServer: Finished looking for orphan Actors (0.000 secs)
[2020.03.22-19.09.43:840][  0]LogUObjectHash: Compacting FUObjectHashTables data took   2.08ms
[2020.03.22-19.09.43:840][  0]Cmd: MAP CHECKDEP NOCLEARLOG
[2020.03.22-19.09.43:840][  0]MapCheck: Map check complete: 0 Error(s), 0 Warning(s), took 0.083ms to complete.
[2020.03.22-19.09.43:840][  0]LogFileHelpers: Loading map 'FirstPersonExampleMap' took 0.302
[2020.03.22-19.09.43:958][  0]LogSlate: Updating window title bar state: overlay mode, drag disabled, window buttons hidden, title bar hidden
[2020.03.22-19.09.43:964][  0]LogSlate: Updating window title bar state: overlay mode, drag disabled, window buttons hidden, title bar hidden
[2020.03.22-19.09.43:970][  0]LogSlate: Updating window title bar state: overlay mode, drag disabled, window buttons hidden, title bar hidden
[2020.03.22-19.09.43:976][  0]LogSlate: Updating window title bar state: overlay mode, drag disabled, window buttons hidden, title bar hidden
[2020.03.22-19.09.43:985][  0]LogCollectionManager: Loaded 0 collections in 0.002290 seconds
[2020.03.22-19.09.43:997][  0]LogFileCache: Scanning file cache for directory 'D:/Users/Kollin/Documents/Unreal Projects/SandWitch/Saved/Collections/' took 0.00s
[2020.03.22-19.09.43:997][  0]LogFileCache: Scanning file cache for directory 'D:/Users/Kollin/Documents/Unreal Projects/SandWitch/Content/Developers/Kollin/Collections/' took 0.00s
[2020.03.22-19.09.43:997][  0]LogFileCache: Scanning file cache for directory 'D:/Users/Kollin/Documents/Unreal Projects/SandWitch/Content/Collections/' took 0.00s
[2020.03.22-19.09.43:997][  0]LogContentBrowser: Native class hierarchy populated in 0.0068 seconds. Added 3015 classes and 717 folders.
[2020.03.22-19.09.44:000][  0]LogContentBrowser: Native class hierarchy updated for 'WidgetCarousel' in 0.0002 seconds. Added 0 classes and 0 folders.
[2020.03.22-19.09.44:075][  0]LogContentBrowser: Native class hierarchy updated for 'AddContentDialog' in 0.0002 seconds. Added 0 classes and 0 folders.
[2020.03.22-19.09.44:078][  0]LogContentBrowser: Native class hierarchy updated for 'SceneOutliner' in 0.0004 seconds. Added 2 classes and 3 folders.
[2020.03.22-19.09.44:121][  0]LogSlate: Took 0.000229 seconds to synchronously load lazily loaded font '../../../Engine/Content/Slate/Fonts/Roboto-Regular.ttf' (155K)
[2020.03.22-19.09.44:123][  0]LogSlate: Took 0.000217 seconds to synchronously load lazily loaded font '../../../Engine/Content/Slate/Fonts/Roboto-Bold.ttf' (160K)
[2020.03.22-19.09.44:126][  0]LogSlate: Took 0.000152 seconds to synchronously load lazily loaded font '../../../Engine/Content/Editor/Slate/Fonts/FontAwesome.ttf' (139K)
[2020.03.22-19.09.44:195][  0]LogRenderer: Reallocating scene render targets to support 1208x600 Format 10 NumSamples 1 (Frame:1).
[2020.03.22-19.09.44:303][  0]LogContentBrowser: Native class hierarchy updated for 'HierarchicalLODOutliner' in 0.0002 seconds. Added 0 classes and 0 folders.
[2020.03.22-19.09.44:303][  0]LogLoad: (Engine Initialization) Total time: 8.04 seconds
[2020.03.22-19.09.44:303][  0]LogLoad: (Engine Initialization) Total Blueprint compile time: 0.00 seconds
[2020.03.22-19.09.44:345][  0]LogAssetRegistry: Asset discovery search completed in 4.3432 seconds
[2020.03.22-19.09.44:348][  0]LogCollectionManager: Fixed up redirectors for 0 collections in 0.000007 seconds (updated 0 objects)
[2020.03.22-19.09.44:350][  0]LogContentStreaming: Texture pool size now 1000 MB
[2020.03.22-19.09.44:361][  0]LogSlate: Took 0.000182 seconds to synchronously load lazily loaded font '../../../Engine/Content/Slate/Fonts/Roboto-Light.ttf' (167K)
[2020.03.22-19.10.15:376][891]LogEditorViewport: Clicking on Actor (LMB): StaticMeshActor (Wall3)
[2020.03.22-19.10.18:172][215]Cmd: TRANSACTION UNDO
[2020.03.22-19.10.18:172][215]LogEditorTransaction: Undo Move Actors
[2020.03.22-19.10.18:179][215]LogSlate: Took 0.000265 seconds to synchronously load lazily loaded font '../../../Engine/Content/Slate/Fonts/Roboto-Light.ttf' (167K)
[2020.03.22-19.10.22:107][640]Cmd: TRANSACTION UNDO
[2020.03.22-19.10.22:107][640]LogEditorTransaction: Undo Move Actors
[2020.03.22-19.10.25:562][  5]LogEditorViewport: Clicking on Actor (LMB): StaticMeshActor (Wall3)
[2020.03.22-19.10.28:307][332]LogEditorViewport: Clicking on Actor (LMB): StaticMeshActor (Wall3)
[2020.03.22-19.10.32:868][873]Cmd: TRANSACTION UNDO
[2020.03.22-19.10.32:868][873]LogEditorTransaction: Undo Move Actors
[2020.03.22-19.10.38:969][550]LogEditorViewport: Clicking on Actor (CTRL LMB): StaticMeshActor (Wall2)
[2020.03.22-19.10.39:967][666]LogEditorViewport: Clicking on Actor (CTRL LMB): StaticMeshActor (Wall4)
[2020.03.22-19.10.52:681][154]Cmd: TRANSACTION UNDO
[2020.03.22-19.10.52:681][154]LogEditorTransaction: Undo Move Actors
[2020.03.22-19.11.02:603][284]LogUObjectHash: Compacting FUObjectHashTables data took   0.69ms
[2020.03.22-19.11.02:758][284]LogSavePackage: Moving 'D:/Users/Kollin/Documents/Unreal Projects/SandWitch/Saved/FirstPersonExampleMapA309A0364900D3C447FD8485C3E17296.tmp' to 'D:/Users/Kollin/Documents/Unreal Projects/SandWitch/Content/FirstPersonBP/Maps/FirstPersonExampleMap.umap'
[2020.03.22-19.11.03:754][284]LogSavePackage: Moving 'D:/Users/Kollin/Documents/Unreal Projects/SandWitch/Saved/FirstPersonExampleMap_BuiltData2EDA185C4CEA301759CC94A445A74F01.tmp' to 'D:/Users/Kollin/Documents/Unreal Projects/SandWitch/Content/FirstPersonBP/Maps/FirstPersonExampleMap_BuiltData.uasset'
[2020.03.22-19.11.03:782][284]AssetCheck: New page: Asset Save: multiple assets
[2020.03.22-19.11.03:782][284]LogContentValidation: Display: Validating World /Game/FirstPersonBP/Maps/FirstPersonExampleMap.FirstPersonExampleMap
[2020.03.22-19.11.03:782][284]LogContentValidation: Display: Validating MapBuildDataRegistry /Game/FirstPersonBP/Maps/FirstPersonExampleMap_BuiltData.FirstPersonExampleMap_BuiltData
[2020.03.22-19.17.30:752][482]MapCheck: New page: Map Check
[2020.03.22-19.17.30:771][482]LightingResults: New page: Lighting Build - Mar 22, 2020, 5:17:30 AM
[2020.03.22-19.17.30:817][482]LogSwarmInterface: [OpenConnection] Registering TCP channel ...
[2020.03.22-19.17.30:909][482]LogSwarmInterface: [OpenConnection] Connecting to agent ...
[2020.03.22-19.17.30:930][482]LogSwarmInterface: [TryOpenConnection] Testing the Agent
[2020.03.22-19.17.31:477][482]LogSwarmInterface: [TryOpenConnection] Opening Connection to Agent
[2020.03.22-19.17.31:477][482]LogSwarmInterface: [TryOpenConnection] Local Process ID is 1052
[2020.03.22-19.17.38:196][482]LogStaticLightingSystem: Running Lightmass w/ ImmediateImport mode ENABLED
[2020.03.22-19.17.38:196][482]LogStaticLightingSystem: Running Lightmass w/ ImmediateProcess mode ENABLED
[2020.03.22-19.17.38:197][482]LogStaticLightingSystem: Running Lightmass w/ Sorting mode ENABLED
[2020.03.22-19.17.38:197][482]LogStaticLightingSystem: Running Lightmass w/ Mapping paddings ENABLED
[2020.03.22-19.17.38:197][482]LogStaticLightingSystem: Running Lightmass w/ Mapping debug paddings DISABLED
[2020.03.22-19.17.38:450][482]LogEditorBuildUtils: Build time 0:07
[2020.03.22-19.17.38:460][482]LogMaterial: Display: Missing cached shader map for material FLightmassMaterialRenderer MaterialInstanceDynamic_0, compiling. 
[2020.03.22-19.17.38:480][482]LogMaterial: Display: Missing cached shader map for material FLightmassMaterialRenderer MaterialInstanceDynamic_0, compiling. 
[2020.03.22-19.17.38:517][483]LogShaderCompilers: Display: Worker (1/3): shaders left to compile 2
[2020.03.22-19.17.38:517][483]LogShaderCompilers: Display: Worker (2/3): shaders left to compile 1
[2020.03.22-19.17.38:517][483]LogShaderCompilers: Display: Worker (3/3): shaders left to compile 2
[2020.03.22-19.17.38:528][483]LogMaterial: Display: Missing cached shader map for material FLightmassMaterialRenderer CubeMaterial, compiling. 
[2020.03.22-19.17.38:541][483]LogMaterial: Display: Missing cached shader map for material FLightmassMaterialRenderer CubeMaterial, compiling. 
[2020.03.22-19.17.38:593][484]LogMaterial: Display: Missing cached shader map for material FLightmassMaterialRenderer WorldGridMaterial, compiling. Is special engine material.
[2020.03.22-19.17.38:606][484]LogMaterial: Display: Missing cached shader map for material FLightmassMaterialRenderer WorldGridMaterial, compiling. Is special engine material.
[2020.03.22-19.17.40:435][485]LogShaderCompilers: Display: Worker (1/3): shaders left to compile 9
[2020.03.22-19.17.40:435][485]LogShaderCompilers: Display: Worker (2/3): shaders left to compile 5
[2020.03.22-19.17.40:435][485]LogShaderCompilers: Display: Worker (3/3): shaders left to compile 3
[2020.03.22-19.17.40:435][485]LogShaderCompilers: Display: Worker (2/3): shaders left to compile 1
[2020.03.22-19.17.40:599][491]LogUObjectHash: Compacting FUObjectHashTables data took   1.90ms
[2020.03.22-19.18.16:024][625]MapCheck: New page: Map Check
[2020.03.22-19.18.16:044][625]Cmd: MAP CHECK DONTDISPLAYDIALOG
[2020.03.22-19.18.16:044][625]MapCheck: New page: FirstPersonExampleMap - Mar 22, 2020, 5:18:16 AM
[2020.03.22-19.18.16:067][625]MapCheck: Error: WorldInfo_0 Maps need lighting rebuilt 
[2020.03.22-19.18.16:069][625]MapCheck: Map check complete: 1 Error(s), 0 Warning(s), took 25.217ms to complete.
[2020.03.22-19.18.16:071][625]LogEditorBuildUtils: Build time 0:00
[2020.03.22-19.18.21:586][ 94]LogSlate: Window 'Message Log' being destroyed
[2020.03.22-19.18.21:592][ 94]LogSlate: Window 'Message Log' being destroyed
[2020.03.22-19.19.03:510][906]Job is a success!
[2020.03.22-19.19.03:700][907]LogVolumetricLightmapImport: Imported Volumetric Lightmap in 0.015s
[2020.03.22-19.19.03:700][907]LogVolumetricLightmapImport:      Indirection Texture 16x16x16 = 0.0Mb
[2020.03.22-19.19.03:701][907]LogVolumetricLightmapImport:      BrickData (all levels) 0.2Mb
[2020.03.22-19.19.03:701][907]LogVolumetricLightmapImport:      Bricks at depth
[2020.03.22-19.19.03:701][907]LogVolumetricLightmapImport:          0: 2.4% covering 100.0% of volume
[2020.03.22-19.19.03:701][907]LogVolumetricLightmapImport:          1: 9.8% covering 6.3% of volume
[2020.03.22-19.19.03:701][907]LogVolumetricLightmapImport:          2: 87.8% covering 0.9% of volume
[2020.03.22-19.19.03:701][907]LogVolumetricLightmapImport:      Bricks in each level
[2020.03.22-19.19.03:701][907]LogVolumetricLightmapImport:          FirstPersonExampleMap 			 41 bricks 	 100.0% (Persistent Level)
[2020.03.22-19.19.07:301][907]LogTexture: Display: Building textures: SkyOcclusion0_1 (AutoDXT, 2048X1024)
[2020.03.22-19.19.07:301][907]LogTexture: Display: Building textures: HQ_Lightmap0_1 (AutoDXT, 2048X2048)
[2020.03.22-19.19.07:301][907]LogTexture: Display: Building textures: LQ_Lightmap_0_1 (DXT1, 2048X2048)
[2020.03.22-19.19.07:301][907]LogTexture: Display: Building textures: SkyOcclusion0_2 (AutoDXT, 2048X1024)
[2020.03.22-19.19.07:301][907]LogTexture: Display: Building textures: HQ_Lightmap0_2 (AutoDXT, 2048X2048)
[2020.03.22-19.19.07:301][907]LogTexture: Display: Building textures: LQ_Lightmap_0_2 (DXT1, 2048X2048)
[2020.03.22-19.19.07:301][907]LogTexture: Display: Building textures: SkyOcclusion0_3 (AutoDXT, 2048X1024)
[2020.03.22-19.19.07:301][907]LogTexture: Display: Building textures: HQ_Lightmap0_3 (AutoDXT, 2048X2048)
[2020.03.22-19.19.07:301][907]LogTexture: Display: Building textures: LQ_Lightmap_0_3 (DXT1, 2048X2048)
[2020.03.22-19.19.07:302][907]LogTexture: Display: Building textures: SkyOcclusion0_4 (AutoDXT, 2048X1024)
[2020.03.22-19.19.07:302][907]LogTexture: Display: Building textures: HQ_Lightmap0_4 (AutoDXT, 2048X2048)
[2020.03.22-19.19.07:302][907]LogTexture: Display: Building textures: LQ_Lightmap_0_4 (DXT1, 2048X2048)
[2020.03.22-19.19.07:302][907]LogTexture: Display: Building textures: SkyOcclusion0_5 (AutoDXT, 64X32)
[2020.03.22-19.19.07:302][907]LogTexture: Display: Building textures: HQ_Lightmap0_5 (AutoDXT, 64X64)
[2020.03.22-19.19.07:302][907]LogTexture: Display: Building textures: LQ_Lightmap_0_5 (DXT1, 64X64)
[2020.03.22-19.19.07:510][907]LogTexture: Display: Building textures: ShadowMapTexture2D_1 (G8, 1024X1024)
[2020.03.22-19.19.07:510][907]LogTexture: Display: Building textures: ShadowMapTexture2D_2 (G8, 1024X1024)
[2020.03.22-19.19.07:510][907]LogTexture: Display: Building textures: ShadowMapTexture2D_0 (G8, 1024X1024)
[2020.03.22-19.19.07:710][907]LogTexture: Display: Building textures: ShadowMapTexture2D_3 (G8, 1024X1024)
[2020.03.22-19.19.07:710][907]LogTexture: Display: Building textures: ShadowMapTexture2D_5 (G8, 1024X1024)
[2020.03.22-19.19.07:710][907]LogTexture: Display: Building textures: ShadowMapTexture2D_7 (G8, 32X32)
[2020.03.22-19.19.07:710][907]LogTexture: Display: Building textures: ShadowMapTexture2D_4 (G8, 1024X1024)
[2020.03.22-19.19.07:830][907]LogTexture: Display: Building textures: ShadowMapTexture2D_6 (G8, 1024X1024)
[2020.03.22-19.19.07:830][907]Lightmass on CONSTRUCTOR: 1:26 min total, 125 ms importing, 10 ms setup, 11.5 sec photons, 1:14 min processing, 0 ms extra exporting [8/8 mappings]. Threads: 4:58 min total, 2:32 min processing.
[2020.03.22-19.19.07:830][907]LogStaticLightingSystem: FirstPersonExampleMap_BuiltData storing lightmap data for 8 meshes in 8 LightmapResourceClusters (1.0 Meshes per cluster).
[2020.03.22-19.19.07:858][907]LogUObjectHash: Compacting FUObjectHashTables data took   1.51ms
[2020.03.22-19.19.07:887][907]LogStaticLightingSystem: Illumination: 1:37 min (3.34 sec encoding lightmaps, 497 ms encoding shadowmaps)
[2020.03.22-19.19.07:887][907]LogStaticLightingSystem: Lightmap texture memory:  42.7 MB (42.7 MB streaming, 0.0 MB non-streaming), 10 textures
[2020.03.22-19.19.07:887][907]LogStaticLightingSystem: Shadowmap texture memory: 9.3 MB (9.3 MB streaming, 0.0 MB non-streaming), 8 textures
[2020.03.22-19.19.08:256][907]DumpUnbuiltLightIteractions
[2020.03.22-19.19.08:256][907]Lights with unbuilt interactions: 0
[2020.03.22-19.19.08:256][907]
[2020.03.22-19.19.08:256][907]Primitives with unbuilt interactions: 0
[2020.03.22-19.19.08:356][908]Cmd: MAP CHECK NOTIFYRESULTS
[2020.03.22-19.19.08:356][908]MapCheck: New page: FirstPersonExampleMap - Mar 22, 2020, 5:19:08 AM
[2020.03.22-19.19.08:357][908]MapCheck: Map check complete: 0 Error(s), 0 Warning(s), took 0.303ms to complete.
[2020.03.22-19.19.47:397][557]LogUObjectHash: Compacting FUObjectHashTables data took   1.33ms
[2020.03.22-19.19.47:515][557]LogSavePackage: Moving 'D:/Users/Kollin/Documents/Unreal Projects/SandWitch/Saved/FirstPersonExampleMap14FD91B0409C894F7FB13F95E211877C.tmp' to 'D:/Users/Kollin/Documents/Unreal Projects/SandWitch/Content/FirstPersonBP/Maps/FirstPersonExampleMap.umap'
[2020.03.22-19.19.48:204][557]LogSavePackage: Moving 'D:/Users/Kollin/Documents/Unreal Projects/SandWitch/Saved/FirstPersonExampleMap_BuiltData9CBEF5714EF25541E53BA5AE7B5CE80C.tmp' to 'D:/Users/Kollin/Documents/Unreal Projects/SandWitch/Content/FirstPersonBP/Maps/FirstPersonExampleMap_BuiltData.uasset'
[2020.03.22-19.19.48:245][557]AssetCheck: New page: Asset Save: multiple assets
[2020.03.22-19.19.48:245][557]LogContentValidation: Display: Validating World /Game/FirstPersonBP/Maps/FirstPersonExampleMap.FirstPersonExampleMap
[2020.03.22-19.19.48:245][557]LogContentValidation: Display: Validating MapBuildDataRegistry /Game/FirstPersonBP/Maps/FirstPersonExampleMap_BuiltData.FirstPersonExampleMap_BuiltData
